<?xml version="1.0" encoding="UTF-8"?>
<testsuites>
  <testsuite name="/home/cob/dbwebb-kurser/mvc/me/report/phpunit.xml.dist" tests="25" assertions="42" errors="0" failures="0" skipped="0" time="0.032423">
    <testsuite name="Project Test Suite" tests="25" assertions="42" errors="0" failures="0" skipped="0" time="0.032423">
      <testsuite name="App\Tests\Game\Game21Test" file="/home/cob/dbwebb-kurser/mvc/me/report/tests/Game/Game21Test.php" tests="4" assertions="7" errors="0" failures="0" skipped="0" time="0.014226">
        <testcase name="testPlayerDrawsCardAndMayLose" file="/home/cob/dbwebb-kurser/mvc/me/report/tests/Game/Game21Test.php" line="30" class="App\Tests\Game\Game21Test" classname="App.Tests.Game.Game21Test" assertions="1" time="0.010229"/>
        <testcase name="testStartRoundDealsOneCardToPlayer" file="/home/cob/dbwebb-kurser/mvc/me/report/tests/Game/Game21Test.php" line="21" class="App\Tests\Game\Game21Test" classname="App.Tests.Game.Game21Test" assertions="2" time="0.001124"/>
        <testcase name="testGameInitializesCorrectly" file="/home/cob/dbwebb-kurser/mvc/me/report/tests/Game/Game21Test.php" line="12" class="App\Tests\Game\Game21Test" classname="App.Tests.Game.Game21Test" assertions="3" time="0.001299"/>
        <testcase name="testPlayerStayLeadsToBankDrawAndGameEnds" file="/home/cob/dbwebb-kurser/mvc/me/report/tests/Game/Game21Test.php" line="48" class="App\Tests\Game\Game21Test" classname="App.Tests.Game.Game21Test" assertions="1" time="0.001573"/>
      </testsuite>
      <testsuite name="App\Tests\Game\BankTest" file="/home/cob/dbwebb-kurser/mvc/me/report/tests/Game/BankTest.php" tests="5" assertions="6" errors="0" failures="0" skipped="0" time="0.002342">
        <testcase name="testBankDrawsCardFromDeck" file="/home/cob/dbwebb-kurser/mvc/me/report/tests/Game/BankTest.php" line="24" class="App\Tests\Game\BankTest" classname="App.Tests.Game.BankTest" assertions="2" time="0.000743"/>
        <testcase name="testBankIsInstanceOfPlayer" file="/home/cob/dbwebb-kurser/mvc/me/report/tests/Game/BankTest.php" line="12" class="App\Tests\Game\BankTest" classname="App.Tests.Game.BankTest" assertions="1" time="0.000407"/>
        <testcase name="testBankScoreWithFaceCardAndAce" file="/home/cob/dbwebb-kurser/mvc/me/report/tests/Game/BankTest.php" line="36" class="App\Tests\Game\BankTest" classname="App.Tests.Game.BankTest" assertions="1" time="0.000347"/>
        <testcase name="testBankScoreWithAceAdjustedToOne" file="/home/cob/dbwebb-kurser/mvc/me/report/tests/Game/BankTest.php" line="48" class="App\Tests\Game\BankTest" classname="App.Tests.Game.BankTest" assertions="1" time="0.000403"/>
        <testcase name="testBankInitialScoreIsZero" file="/home/cob/dbwebb-kurser/mvc/me/report/tests/Game/BankTest.php" line="18" class="App\Tests\Game\BankTest" classname="App.Tests.Game.BankTest" assertions="1" time="0.000442"/>
      </testsuite>
      <testsuite name="App\Tests\Game\PlayerTest" file="/home/cob/dbwebb-kurser/mvc/me/report/tests/Game/PlayerTest.php" tests="6" assertions="7" errors="0" failures="0" skipped="0" time="0.002246">
        <testcase name="testDrawCardFromDeck" file="/home/cob/dbwebb-kurser/mvc/me/report/tests/Game/PlayerTest.php" line="65" class="App\Tests\Game\PlayerTest" classname="App.Tests.Game.PlayerTest" assertions="2" time="0.000300"/>
        <testcase name="testScoreWithNumericCards" file="/home/cob/dbwebb-kurser/mvc/me/report/tests/Game/PlayerTest.php" line="19" class="App\Tests\Game\PlayerTest" classname="App.Tests.Game.PlayerTest" assertions="1" time="0.000408"/>
        <testcase name="testScoreWithAceUnder21" file="/home/cob/dbwebb-kurser/mvc/me/report/tests/Game/PlayerTest.php" line="41" class="App\Tests\Game\PlayerTest" classname="App.Tests.Game.PlayerTest" assertions="1" time="0.000383"/>
        <testcase name="testInitialScoreIsZero" file="/home/cob/dbwebb-kurser/mvc/me/report/tests/Game/PlayerTest.php" line="13" class="App\Tests\Game\PlayerTest" classname="App.Tests.Game.PlayerTest" assertions="1" time="0.000354"/>
        <testcase name="testScoreWithFaceCards" file="/home/cob/dbwebb-kurser/mvc/me/report/tests/Game/PlayerTest.php" line="30" class="App\Tests\Game\PlayerTest" classname="App.Tests.Game.PlayerTest" assertions="1" time="0.000375"/>
        <testcase name="testScoreWithAceOver21" file="/home/cob/dbwebb-kurser/mvc/me/report/tests/Game/PlayerTest.php" line="52" class="App\Tests\Game\PlayerTest" classname="App.Tests.Game.PlayerTest" assertions="1" time="0.000426"/>
      </testsuite>
      <testsuite name="App\Dice\DiceTest" file="/home/cob/dbwebb-kurser/mvc/me/report/tests/Dice/DiceTest.php" tests="1" assertions="2" errors="0" failures="0" skipped="0" time="0.002919">
        <testcase name="testCreateDice" file="/home/cob/dbwebb-kurser/mvc/me/report/tests/Dice/DiceTest.php" line="16" class="App\Dice\DiceTest" classname="App.Dice.DiceTest" assertions="2" time="0.002919"/>
      </testsuite>
      <testsuite name="App\Tests\Card\DeckOfCardsTest" file="/home/cob/dbwebb-kurser/mvc/me/report/tests/Card/DeckOfCardsTest.php" tests="5" assertions="7" errors="0" failures="0" skipped="0" time="0.009454">
        <testcase name="testDeckCreation" file="/home/cob/dbwebb-kurser/mvc/me/report/tests/Card/DeckOfCardsTest.php" line="12" class="App\Tests\Card\DeckOfCardsTest" classname="App.Tests.Card.DeckOfCardsTest" assertions="1" time="0.001461"/>
        <testcase name="testShuffle" file="/home/cob/dbwebb-kurser/mvc/me/report/tests/Card/DeckOfCardsTest.php" line="25" class="App\Tests\Card\DeckOfCardsTest" classname="App.Tests.Card.DeckOfCardsTest" assertions="1" time="0.006544"/>
        <testcase name="testDeckCount" file="/home/cob/dbwebb-kurser/mvc/me/report/tests/Card/DeckOfCardsTest.php" line="44" class="App\Tests\Card\DeckOfCardsTest" classname="App.Tests.Card.DeckOfCardsTest" assertions="1" time="0.000514"/>
        <testcase name="testDrawCard" file="/home/cob/dbwebb-kurser/mvc/me/report/tests/Card/DeckOfCardsTest.php" line="35" class="App\Tests\Card\DeckOfCardsTest" classname="App.Tests.Card.DeckOfCardsTest" assertions="2" time="0.000398"/>
        <testcase name="testDeckCreationWithGraphics" file="/home/cob/dbwebb-kurser/mvc/me/report/tests/Card/DeckOfCardsTest.php" line="18" class="App\Tests\Card\DeckOfCardsTest" classname="App.Tests.Card.DeckOfCardsTest" assertions="2" time="0.000536"/>
      </testsuite>
      <testsuite name="App\Tests\Card\CardTest" file="/home/cob/dbwebb-kurser/mvc/me/report/tests/Card/CardTest.php" tests="1" assertions="4" errors="0" failures="0" skipped="0" time="0.000288">
        <testcase name="testCardCreation" file="/home/cob/dbwebb-kurser/mvc/me/report/tests/Card/CardTest.php" line="10" class="App\Tests\Card\CardTest" classname="App.Tests.Card.CardTest" assertions="4" time="0.000288"/>
      </testsuite>
      <testsuite name="App\Tests\Card\CardHandTest" file="/home/cob/dbwebb-kurser/mvc/me/report/tests/Card/CardHandTest.php" tests="2" assertions="5" errors="0" failures="0" skipped="0" time="0.000669">
        <testcase name="testAddCard" file="/home/cob/dbwebb-kurser/mvc/me/report/tests/Card/CardHandTest.php" line="11" class="App\Tests\Card\CardHandTest" classname="App.Tests.Card.CardHandTest" assertions="2" time="0.000257"/>
        <testcase name="testGetCards" file="/home/cob/dbwebb-kurser/mvc/me/report/tests/Card/CardHandTest.php" line="21" class="App\Tests\Card\CardHandTest" classname="App.Tests.Card.CardHandTest" assertions="3" time="0.000413"/>
      </testsuite>
      <testsuite name="App\Tests\Card\CardGraphicTest" file="/home/cob/dbwebb-kurser/mvc/me/report/tests/Card/CardGraphicTest.php" tests="1" assertions="4" errors="0" failures="0" skipped="0" time="0.000279">
        <testcase name="testCardGraphicToString" file="/home/cob/dbwebb-kurser/mvc/me/report/tests/Card/CardGraphicTest.php" line="10" class="App\Tests\Card\CardGraphicTest" classname="App.Tests.Card.CardGraphicTest" assertions="4" time="0.000279"/>
      </testsuite>
    </testsuite>
  </testsuite>
</testsuites>
