<?xml version="1.0" encoding="UTF-8"?>
<testsuites>
  <testsuite name="" tests="44" assertions="108" errors="0" warnings="0" failures="0" skipped="0" time="1.007961">
    <testsuite name="Project Test Suite" tests="44" assertions="108" errors="0" warnings="0" failures="0" skipped="0" time="1.007961">
      <testsuite name="App\Tests\Controller\DeckControllerTest" file="/home/cob/dbwebb-kurser/mvc/me/report/tests/Controller/DeckControllerTest.php" tests="4" assertions="13" errors="0" warnings="0" failures="0" skipped="0" time="0.536495">
        <testcase name="testDrawMultipleCards" class="App\Tests\Controller\DeckControllerTest" classname="App.Tests.Controller.DeckControllerTest" file="/home/cob/dbwebb-kurser/mvc/me/report/tests/Controller/DeckControllerTest.php" line="47" assertions="3" time="0.475174"/>
        <testcase name="testDrawOneCardFromDeck" class="App\Tests\Controller\DeckControllerTest" classname="App.Tests.Controller.DeckControllerTest" file="/home/cob/dbwebb-kurser/mvc/me/report/tests/Controller/DeckControllerTest.php" line="33" assertions="4" time="0.029323"/>
        <testcase name="testShuffleDeck" class="App\Tests\Controller\DeckControllerTest" classname="App.Tests.Controller.DeckControllerTest" file="/home/cob/dbwebb-kurser/mvc/me/report/tests/Controller/DeckControllerTest.php" line="21" assertions="3" time="0.017082"/>
        <testcase name="testDeckReturnsFullDeck" class="App\Tests\Controller\DeckControllerTest" classname="App.Tests.Controller.DeckControllerTest" file="/home/cob/dbwebb-kurser/mvc/me/report/tests/Controller/DeckControllerTest.php" line="9" assertions="3" time="0.014916"/>
      </testsuite>
      <testsuite name="App\Tests\Card\CardTest" file="/home/cob/dbwebb-kurser/mvc/me/report/tests/Card/CardTest.php" tests="1" assertions="4" errors="0" warnings="0" failures="0" skipped="0" time="0.001710">
        <testcase name="testCardCreation" class="App\Tests\Card\CardTest" classname="App.Tests.Card.CardTest" file="/home/cob/dbwebb-kurser/mvc/me/report/tests/Card/CardTest.php" line="10" assertions="4" time="0.001710"/>
      </testsuite>
      <testsuite name="App\Tests\Game\PlayerTest" file="/home/cob/dbwebb-kurser/mvc/me/report/tests/Game/PlayerTest.php" tests="6" assertions="7" errors="0" warnings="0" failures="0" skipped="0" time="0.005146">
        <testcase name="testScoreWithAceOver21" class="App\Tests\Game\PlayerTest" classname="App.Tests.Game.PlayerTest" file="/home/cob/dbwebb-kurser/mvc/me/report/tests/Game/PlayerTest.php" line="54" assertions="1" time="0.001721"/>
        <testcase name="testScoreWithNumericCards" class="App\Tests\Game\PlayerTest" classname="App.Tests.Game.PlayerTest" file="/home/cob/dbwebb-kurser/mvc/me/report/tests/Game/PlayerTest.php" line="21" assertions="1" time="0.000754"/>
        <testcase name="testScoreWithFaceCards" class="App\Tests\Game\PlayerTest" classname="App.Tests.Game.PlayerTest" file="/home/cob/dbwebb-kurser/mvc/me/report/tests/Game/PlayerTest.php" line="32" assertions="1" time="0.000604"/>
        <testcase name="testDrawCardFromDeck" class="App\Tests\Game\PlayerTest" classname="App.Tests.Game.PlayerTest" file="/home/cob/dbwebb-kurser/mvc/me/report/tests/Game/PlayerTest.php" line="67" assertions="2" time="0.000885"/>
        <testcase name="testInitialScoreIsZero" class="App\Tests\Game\PlayerTest" classname="App.Tests.Game.PlayerTest" file="/home/cob/dbwebb-kurser/mvc/me/report/tests/Game/PlayerTest.php" line="15" assertions="1" time="0.000609"/>
        <testcase name="testScoreWithAceUnder21" class="App\Tests\Game\PlayerTest" classname="App.Tests.Game.PlayerTest" file="/home/cob/dbwebb-kurser/mvc/me/report/tests/Game/PlayerTest.php" line="43" assertions="1" time="0.000573"/>
      </testsuite>
      <testsuite name="App\Tests\Card\CardHandTest" file="/home/cob/dbwebb-kurser/mvc/me/report/tests/Card/CardHandTest.php" tests="2" assertions="5" errors="0" warnings="0" failures="0" skipped="0" time="0.000929">
        <testcase name="testGetCards" class="App\Tests\Card\CardHandTest" classname="App.Tests.Card.CardHandTest" file="/home/cob/dbwebb-kurser/mvc/me/report/tests/Card/CardHandTest.php" line="21" assertions="3" time="0.000366"/>
        <testcase name="testAddCard" class="App\Tests\Card\CardHandTest" classname="App.Tests.Card.CardHandTest" file="/home/cob/dbwebb-kurser/mvc/me/report/tests/Card/CardHandTest.php" line="11" assertions="2" time="0.000563"/>
      </testsuite>
      <testsuite name="App\Tests\Game\BankTest" file="/home/cob/dbwebb-kurser/mvc/me/report/tests/Game/BankTest.php" tests="5" assertions="6" errors="0" warnings="0" failures="0" skipped="0" time="0.003760">
        <testcase name="testBankScoreWithAceAdjustedToOne" class="App\Tests\Game\BankTest" classname="App.Tests.Game.BankTest" file="/home/cob/dbwebb-kurser/mvc/me/report/tests/Game/BankTest.php" line="51" assertions="1" time="0.001164"/>
        <testcase name="testBankDrawsCardFromDeck" class="App\Tests\Game\BankTest" classname="App.Tests.Game.BankTest" file="/home/cob/dbwebb-kurser/mvc/me/report/tests/Game/BankTest.php" line="26" assertions="2" time="0.000843"/>
        <testcase name="testBankScoreWithFaceCardAndAce" class="App\Tests\Game\BankTest" classname="App.Tests.Game.BankTest" file="/home/cob/dbwebb-kurser/mvc/me/report/tests/Game/BankTest.php" line="39" assertions="1" time="0.000548"/>
        <testcase name="testBankIsInstanceOfPlayer" class="App\Tests\Game\BankTest" classname="App.Tests.Game.BankTest" file="/home/cob/dbwebb-kurser/mvc/me/report/tests/Game/BankTest.php" line="14" assertions="1" time="0.000587"/>
        <testcase name="testBankInitialScoreIsZero" class="App\Tests\Game\BankTest" classname="App.Tests.Game.BankTest" file="/home/cob/dbwebb-kurser/mvc/me/report/tests/Game/BankTest.php" line="20" assertions="1" time="0.000619"/>
      </testsuite>
      <testsuite name="App\Tests\Entity\BookTest" file="/home/cob/dbwebb-kurser/mvc/me/report/tests/Entity/BookTest.php" tests="1" assertions="5" errors="0" warnings="0" failures="0" skipped="0" time="0.001325">
        <testcase name="testGettersAndSetters" class="App\Tests\Entity\BookTest" classname="App.Tests.Entity.BookTest" file="/home/cob/dbwebb-kurser/mvc/me/report/tests/Entity/BookTest.php" line="10" assertions="5" time="0.001325"/>
      </testsuite>
      <testsuite name="App\Tests\Game\Game21Test" file="/home/cob/dbwebb-kurser/mvc/me/report/tests/Game/Game21Test.php" tests="6" assertions="9" errors="0" warnings="0" failures="0" skipped="0" time="0.005904">
        <testcase name="testBankWinsWithHigherScore" class="App\Tests\Game\Game21Test" classname="App.Tests.Game.Game21Test" file="/home/cob/dbwebb-kurser/mvc/me/report/tests/Game/Game21Test.php" line="76" assertions="1" time="0.001256"/>
        <testcase name="testPlayerDrawsCardAndMayLose" class="App\Tests\Game\Game21Test" classname="App.Tests.Game.Game21Test" file="/home/cob/dbwebb-kurser/mvc/me/report/tests/Game/Game21Test.php" line="30" assertions="1" time="0.000913"/>
        <testcase name="testPlayerStayLeadsToBankDrawAndGameEnds" class="App\Tests\Game\Game21Test" classname="App.Tests.Game.Game21Test" file="/home/cob/dbwebb-kurser/mvc/me/report/tests/Game/Game21Test.php" line="48" assertions="1" time="0.001197"/>
        <testcase name="testGameInitializesCorrectly" class="App\Tests\Game\Game21Test" classname="App.Tests.Game.Game21Test" file="/home/cob/dbwebb-kurser/mvc/me/report/tests/Game/Game21Test.php" line="12" assertions="3" time="0.000786"/>
        <testcase name="testPlayerWinsAgainstBank" class="App\Tests\Game\Game21Test" classname="App.Tests.Game.Game21Test" file="/home/cob/dbwebb-kurser/mvc/me/report/tests/Game/Game21Test.php" line="58" assertions="1" time="0.000816"/>
        <testcase name="testStartRoundDealsOneCardToPlayer" class="App\Tests\Game\Game21Test" classname="App.Tests.Game.Game21Test" file="/home/cob/dbwebb-kurser/mvc/me/report/tests/Game/Game21Test.php" line="21" assertions="2" time="0.000935"/>
      </testsuite>
      <testsuite name="App\Tests\Entity\ProductTest" file="/home/cob/dbwebb-kurser/mvc/me/report/tests/Entity/ProductTest.php" tests="1" assertions="3" errors="0" warnings="0" failures="0" skipped="0" time="0.001167">
        <testcase name="testGettersAndSetters" class="App\Tests\Entity\ProductTest" classname="App.Tests.Entity.ProductTest" file="/home/cob/dbwebb-kurser/mvc/me/report/tests/Entity/ProductTest.php" line="10" assertions="3" time="0.001167"/>
      </testsuite>
      <testsuite name="App\Tests\Card\DeckOfCardsTest" file="/home/cob/dbwebb-kurser/mvc/me/report/tests/Card/DeckOfCardsTest.php" tests="5" assertions="7" errors="0" warnings="0" failures="0" skipped="0" time="0.008101">
        <testcase name="testShuffle" class="App\Tests\Card\DeckOfCardsTest" classname="App.Tests.Card.DeckOfCardsTest" file="/home/cob/dbwebb-kurser/mvc/me/report/tests/Card/DeckOfCardsTest.php" line="29" assertions="1" time="0.005387"/>
        <testcase name="testDeckCreationWithGraphics" class="App\Tests\Card\DeckOfCardsTest" classname="App.Tests.Card.DeckOfCardsTest" file="/home/cob/dbwebb-kurser/mvc/me/report/tests/Card/DeckOfCardsTest.php" line="21" assertions="2" time="0.000714"/>
        <testcase name="testDrawCardFromDeck" class="App\Tests\Card\DeckOfCardsTest" classname="App.Tests.Card.DeckOfCardsTest" file="/home/cob/dbwebb-kurser/mvc/me/report/tests/Card/DeckOfCardsTest.php" line="40" assertions="2" time="0.000724"/>
        <testcase name="testDeckCount" class="App\Tests\Card\DeckOfCardsTest" classname="App.Tests.Card.DeckOfCardsTest" file="/home/cob/dbwebb-kurser/mvc/me/report/tests/Card/DeckOfCardsTest.php" line="53" assertions="1" time="0.000590"/>
        <testcase name="testDeckCreation" class="App\Tests\Card\DeckOfCardsTest" classname="App.Tests.Card.DeckOfCardsTest" file="/home/cob/dbwebb-kurser/mvc/me/report/tests/Card/DeckOfCardsTest.php" line="14" assertions="1" time="0.000685"/>
      </testsuite>
      <testsuite name="App\Tests\Controller\LuckyControllerJsonTest" file="/home/cob/dbwebb-kurser/mvc/me/report/tests/Controller/LuckyControllerJsonTest.php" tests="3" assertions="15" errors="0" warnings="0" failures="0" skipped="0" time="0.088749">
        <testcase name="testQuoteRouteReturnsRandomQuote" class="App\Tests\Controller\LuckyControllerJsonTest" classname="App.Tests.Controller.LuckyControllerJsonTest" file="/home/cob/dbwebb-kurser/mvc/me/report/tests/Controller/LuckyControllerJsonTest.php" line="26" assertions="4" time="0.010729"/>
        <testcase name="testLuckyRouteReturnsValidJson" class="App\Tests\Controller\LuckyControllerJsonTest" classname="App.Tests.Controller.LuckyControllerJsonTest" file="/home/cob/dbwebb-kurser/mvc/me/report/tests/Controller/LuckyControllerJsonTest.php" line="9" assertions="9" time="0.009450"/>
        <testcase name="testApiLandingPageLoads" class="App\Tests\Controller\LuckyControllerJsonTest" classname="App.Tests.Controller.LuckyControllerJsonTest" file="/home/cob/dbwebb-kurser/mvc/me/report/tests/Controller/LuckyControllerJsonTest.php" line="39" assertions="2" time="0.068570"/>
      </testsuite>
      <testsuite name="App\Tests\Form\BookFormTest" file="/home/cob/dbwebb-kurser/mvc/me/report/tests/Form/BookFormTest.php" tests="1" assertions="9" errors="0" warnings="0" failures="0" skipped="0" time="0.068139">
        <testcase name="testSubmitValidData" class="App\Tests\Form\BookFormTest" classname="App.Tests.Form.BookFormTest" file="/home/cob/dbwebb-kurser/mvc/me/report/tests/Form/BookFormTest.php" line="11" assertions="9" time="0.068139"/>
      </testsuite>
      <testsuite name="App\Tests\Card\CardGraphicTest" file="/home/cob/dbwebb-kurser/mvc/me/report/tests/Card/CardGraphicTest.php" tests="1" assertions="4" errors="0" warnings="0" failures="0" skipped="0" time="0.000441">
        <testcase name="testCardGraphicToString" class="App\Tests\Card\CardGraphicTest" classname="App.Tests.Card.CardGraphicTest" file="/home/cob/dbwebb-kurser/mvc/me/report/tests/Card/CardGraphicTest.php" line="10" assertions="4" time="0.000441"/>
      </testsuite>
      <testsuite name="App\Dice\DiceTest" file="/home/cob/dbwebb-kurser/mvc/me/report/tests/Dice/DiceTest.php" tests="1" assertions="2" errors="0" warnings="0" failures="0" skipped="0" time="0.000982">
        <testcase name="testCreateDice" class="App\Dice\DiceTest" classname="App.Dice.DiceTest" file="/home/cob/dbwebb-kurser/mvc/me/report/tests/Dice/DiceTest.php" line="16" assertions="2" time="0.000982"/>
      </testsuite>
      <testsuite name="App\Tests\Controller\CardControllerTest" file="/home/cob/dbwebb-kurser/mvc/me/report/tests/Controller/CardControllerTest.php" tests="7" assertions="19" errors="0" warnings="0" failures="0" skipped="0" time="0.285114">
        <testcase name="testSessionDebug" class="App\Tests\Controller\CardControllerTest" classname="App.Tests.Controller.CardControllerTest" file="/home/cob/dbwebb-kurser/mvc/me/report/tests/Controller/CardControllerTest.php" line="75" assertions="2" time="0.038632"/>
        <testcase name="testDrawOneCardReducesDeck" class="App\Tests\Controller\CardControllerTest" classname="App.Tests.Controller.CardControllerTest" file="/home/cob/dbwebb-kurser/mvc/me/report/tests/Controller/CardControllerTest.php" line="36" assertions="4" time="0.040160"/>
        <testcase name="testShuffleDeckResetsDeck" class="App\Tests\Controller\CardControllerTest" classname="App.Tests.Controller.CardControllerTest" file="/home/cob/dbwebb-kurser/mvc/me/report/tests/Controller/CardControllerTest.php" line="27" assertions="2" time="0.021192"/>
        <testcase name="testIndexPage" class="App\Tests\Controller\CardControllerTest" classname="App.Tests.Controller.CardControllerTest" file="/home/cob/dbwebb-kurser/mvc/me/report/tests/Controller/CardControllerTest.php" line="9" assertions="2" time="0.070939"/>
        <testcase name="testDrawNumberOfCards" class="App\Tests\Controller\CardControllerTest" classname="App.Tests.Controller.CardControllerTest" file="/home/cob/dbwebb-kurser/mvc/me/report/tests/Controller/CardControllerTest.php" line="49" assertions="4" time="0.038529"/>
        <testcase name="testDeckPage" class="App\Tests\Controller\CardControllerTest" classname="App.Tests.Controller.CardControllerTest" file="/home/cob/dbwebb-kurser/mvc/me/report/tests/Controller/CardControllerTest.php" line="18" assertions="2" time="0.024778"/>
        <testcase name="testSessionDelete" class="App\Tests\Controller\CardControllerTest" classname="App.Tests.Controller.CardControllerTest" file="/home/cob/dbwebb-kurser/mvc/me/report/tests/Controller/CardControllerTest.php" line="61" assertions="3" time="0.050883"/>
      </testsuite>
    </testsuite>
  </testsuite>
</testsuites>
