<?xml version="1.0" encoding="UTF-8"?>
<testsuites>
  <testsuite name="" tests="55" assertions="133" errors="0" warnings="0" failures="0" skipped="0" time="2.789129">
    <testsuite name="Project Test Suite" tests="55" assertions="133" errors="0" warnings="0" failures="0" skipped="0" time="2.789129">
      <testsuite name="App\Tests\Controller\DeckControllerTest" file="/home/cob/dbwebb-kurser/mvc/me/report/tests/Controller/DeckControllerTest.php" tests="4" assertions="13" errors="0" warnings="0" failures="0" skipped="0" time="2.297660">
        <testcase name="testDrawMultipleCards" class="App\Tests\Controller\DeckControllerTest" classname="App.Tests.Controller.DeckControllerTest" file="/home/cob/dbwebb-kurser/mvc/me/report/tests/Controller/DeckControllerTest.php" line="47" assertions="3" time="2.214265"/>
        <testcase name="testDrawOneCardFromDeck" class="App\Tests\Controller\DeckControllerTest" classname="App.Tests.Controller.DeckControllerTest" file="/home/cob/dbwebb-kurser/mvc/me/report/tests/Controller/DeckControllerTest.php" line="33" assertions="4" time="0.035054"/>
        <testcase name="testShuffleDeck" class="App\Tests\Controller\DeckControllerTest" classname="App.Tests.Controller.DeckControllerTest" file="/home/cob/dbwebb-kurser/mvc/me/report/tests/Controller/DeckControllerTest.php" line="21" assertions="3" time="0.019557"/>
        <testcase name="testDeckReturnsFullDeck" class="App\Tests\Controller\DeckControllerTest" classname="App.Tests.Controller.DeckControllerTest" file="/home/cob/dbwebb-kurser/mvc/me/report/tests/Controller/DeckControllerTest.php" line="9" assertions="3" time="0.028784"/>
      </testsuite>
      <testsuite name="App\Tests\Game\Game21Test" file="/home/cob/dbwebb-kurser/mvc/me/report/tests/Game/Game21Test.php" tests="6" assertions="9" errors="0" warnings="0" failures="0" skipped="0" time="0.004999">
        <testcase name="testPlayerStayLeadsToBankDrawAndGameEnds" class="App\Tests\Game\Game21Test" classname="App.Tests.Game.Game21Test" file="/home/cob/dbwebb-kurser/mvc/me/report/tests/Game/Game21Test.php" line="48" assertions="1" time="0.001041"/>
        <testcase name="testPlayerDrawsCardAndMayLose" class="App\Tests\Game\Game21Test" classname="App.Tests.Game.Game21Test" file="/home/cob/dbwebb-kurser/mvc/me/report/tests/Game/Game21Test.php" line="30" assertions="1" time="0.001083"/>
        <testcase name="testPlayerWinsAgainstBank" class="App\Tests\Game\Game21Test" classname="App.Tests.Game.Game21Test" file="/home/cob/dbwebb-kurser/mvc/me/report/tests/Game/Game21Test.php" line="58" assertions="1" time="0.000698"/>
        <testcase name="testGameInitializesCorrectly" class="App\Tests\Game\Game21Test" classname="App.Tests.Game.Game21Test" file="/home/cob/dbwebb-kurser/mvc/me/report/tests/Game/Game21Test.php" line="12" assertions="3" time="0.000853"/>
        <testcase name="testBankWinsWithHigherScore" class="App\Tests\Game\Game21Test" classname="App.Tests.Game.Game21Test" file="/home/cob/dbwebb-kurser/mvc/me/report/tests/Game/Game21Test.php" line="76" assertions="1" time="0.000652"/>
        <testcase name="testStartRoundDealsOneCardToPlayer" class="App\Tests\Game\Game21Test" classname="App.Tests.Game.Game21Test" file="/home/cob/dbwebb-kurser/mvc/me/report/tests/Game/Game21Test.php" line="21" assertions="2" time="0.000672"/>
      </testsuite>
      <testsuite name="App\Tests\Card\CardGraphicTest" file="/home/cob/dbwebb-kurser/mvc/me/report/tests/Card/CardGraphicTest.php" tests="1" assertions="4" errors="0" warnings="0" failures="0" skipped="0" time="0.000663">
        <testcase name="testCardGraphicToString" class="App\Tests\Card\CardGraphicTest" classname="App.Tests.Card.CardGraphicTest" file="/home/cob/dbwebb-kurser/mvc/me/report/tests/Card/CardGraphicTest.php" line="10" assertions="4" time="0.000663"/>
      </testsuite>
      <testsuite name="App\Tests\Card\CardHandTest" file="/home/cob/dbwebb-kurser/mvc/me/report/tests/Card/CardHandTest.php" tests="2" assertions="5" errors="0" warnings="0" failures="0" skipped="0" time="0.001001">
        <testcase name="testAddCard" class="App\Tests\Card\CardHandTest" classname="App.Tests.Card.CardHandTest" file="/home/cob/dbwebb-kurser/mvc/me/report/tests/Card/CardHandTest.php" line="11" assertions="2" time="0.000573"/>
        <testcase name="testGetCards" class="App\Tests\Card\CardHandTest" classname="App.Tests.Card.CardHandTest" file="/home/cob/dbwebb-kurser/mvc/me/report/tests/Card/CardHandTest.php" line="21" assertions="3" time="0.000428"/>
      </testsuite>
      <testsuite name="App\Tests\Card\DeckOfCardsTest" file="/home/cob/dbwebb-kurser/mvc/me/report/tests/Card/DeckOfCardsTest.php" tests="5" assertions="7" errors="0" warnings="0" failures="0" skipped="0" time="0.007361">
        <testcase name="testDeckCount" class="App\Tests\Card\DeckOfCardsTest" classname="App.Tests.Card.DeckOfCardsTest" file="/home/cob/dbwebb-kurser/mvc/me/report/tests/Card/DeckOfCardsTest.php" line="53" assertions="1" time="0.000485"/>
        <testcase name="testDeckCreationWithGraphics" class="App\Tests\Card\DeckOfCardsTest" classname="App.Tests.Card.DeckOfCardsTest" file="/home/cob/dbwebb-kurser/mvc/me/report/tests/Card/DeckOfCardsTest.php" line="21" assertions="2" time="0.000579"/>
        <testcase name="testDrawCardFromDeck" class="App\Tests\Card\DeckOfCardsTest" classname="App.Tests.Card.DeckOfCardsTest" file="/home/cob/dbwebb-kurser/mvc/me/report/tests/Card/DeckOfCardsTest.php" line="40" assertions="2" time="0.000547"/>
        <testcase name="testDeckCreation" class="App\Tests\Card\DeckOfCardsTest" classname="App.Tests.Card.DeckOfCardsTest" file="/home/cob/dbwebb-kurser/mvc/me/report/tests/Card/DeckOfCardsTest.php" line="14" assertions="1" time="0.000523"/>
        <testcase name="testShuffle" class="App\Tests\Card\DeckOfCardsTest" classname="App.Tests.Card.DeckOfCardsTest" file="/home/cob/dbwebb-kurser/mvc/me/report/tests/Card/DeckOfCardsTest.php" line="29" assertions="1" time="0.005227"/>
      </testsuite>
      <testsuite name="App\Tests\Form\BookFormTest" file="/home/cob/dbwebb-kurser/mvc/me/report/tests/Form/BookFormTest.php" tests="1" assertions="9" errors="0" warnings="0" failures="0" skipped="0" time="0.049169">
        <testcase name="testSubmitValidData" class="App\Tests\Form\BookFormTest" classname="App.Tests.Form.BookFormTest" file="/home/cob/dbwebb-kurser/mvc/me/report/tests/Form/BookFormTest.php" line="11" assertions="9" time="0.049169"/>
      </testsuite>
      <testsuite name="App\Tests\Card\CardTest" file="/home/cob/dbwebb-kurser/mvc/me/report/tests/Card/CardTest.php" tests="1" assertions="4" errors="0" warnings="0" failures="0" skipped="0" time="0.000420">
        <testcase name="testCardCreation" class="App\Tests\Card\CardTest" classname="App.Tests.Card.CardTest" file="/home/cob/dbwebb-kurser/mvc/me/report/tests/Card/CardTest.php" line="10" assertions="4" time="0.000420"/>
      </testsuite>
      <testsuite name="App\Tests\Game\PlayerTest" file="/home/cob/dbwebb-kurser/mvc/me/report/tests/Game/PlayerTest.php" tests="6" assertions="7" errors="0" warnings="0" failures="0" skipped="0" time="0.003572">
        <testcase name="testScoreWithAceUnder21" class="App\Tests\Game\PlayerTest" classname="App.Tests.Game.PlayerTest" file="/home/cob/dbwebb-kurser/mvc/me/report/tests/Game/PlayerTest.php" line="43" assertions="1" time="0.000417"/>
        <testcase name="testScoreWithNumericCards" class="App\Tests\Game\PlayerTest" classname="App.Tests.Game.PlayerTest" file="/home/cob/dbwebb-kurser/mvc/me/report/tests/Game/PlayerTest.php" line="21" assertions="1" time="0.000513"/>
        <testcase name="testScoreWithFaceCards" class="App\Tests\Game\PlayerTest" classname="App.Tests.Game.PlayerTest" file="/home/cob/dbwebb-kurser/mvc/me/report/tests/Game/PlayerTest.php" line="32" assertions="1" time="0.000834"/>
        <testcase name="testInitialScoreIsZero" class="App\Tests\Game\PlayerTest" classname="App.Tests.Game.PlayerTest" file="/home/cob/dbwebb-kurser/mvc/me/report/tests/Game/PlayerTest.php" line="15" assertions="1" time="0.000595"/>
        <testcase name="testScoreWithAceOver21" class="App\Tests\Game\PlayerTest" classname="App.Tests.Game.PlayerTest" file="/home/cob/dbwebb-kurser/mvc/me/report/tests/Game/PlayerTest.php" line="54" assertions="1" time="0.000571"/>
        <testcase name="testDrawCardFromDeck" class="App\Tests\Game\PlayerTest" classname="App.Tests.Game.PlayerTest" file="/home/cob/dbwebb-kurser/mvc/me/report/tests/Game/PlayerTest.php" line="67" assertions="2" time="0.000641"/>
      </testsuite>
      <testsuite name="App\Tests\Game\BankTest" file="/home/cob/dbwebb-kurser/mvc/me/report/tests/Game/BankTest.php" tests="5" assertions="6" errors="0" warnings="0" failures="0" skipped="0" time="0.003061">
        <testcase name="testBankInitialScoreIsZero" class="App\Tests\Game\BankTest" classname="App.Tests.Game.BankTest" file="/home/cob/dbwebb-kurser/mvc/me/report/tests/Game/BankTest.php" line="20" assertions="1" time="0.000354"/>
        <testcase name="testBankScoreWithFaceCardAndAce" class="App\Tests\Game\BankTest" classname="App.Tests.Game.BankTest" file="/home/cob/dbwebb-kurser/mvc/me/report/tests/Game/BankTest.php" line="39" assertions="1" time="0.000538"/>
        <testcase name="testBankScoreWithAceAdjustedToOne" class="App\Tests\Game\BankTest" classname="App.Tests.Game.BankTest" file="/home/cob/dbwebb-kurser/mvc/me/report/tests/Game/BankTest.php" line="51" assertions="1" time="0.000591"/>
        <testcase name="testBankIsInstanceOfPlayer" class="App\Tests\Game\BankTest" classname="App.Tests.Game.BankTest" file="/home/cob/dbwebb-kurser/mvc/me/report/tests/Game/BankTest.php" line="14" assertions="1" time="0.000658"/>
        <testcase name="testBankDrawsCardFromDeck" class="App\Tests\Game\BankTest" classname="App.Tests.Game.BankTest" file="/home/cob/dbwebb-kurser/mvc/me/report/tests/Game/BankTest.php" line="26" assertions="2" time="0.000920"/>
      </testsuite>
      <testsuite name="App\Tests\Entity\BookTest" file="/home/cob/dbwebb-kurser/mvc/me/report/tests/Entity/BookTest.php" tests="1" assertions="5" errors="0" warnings="0" failures="0" skipped="0" time="0.001213">
        <testcase name="testGettersAndSetters" class="App\Tests\Entity\BookTest" classname="App.Tests.Entity.BookTest" file="/home/cob/dbwebb-kurser/mvc/me/report/tests/Entity/BookTest.php" line="10" assertions="5" time="0.001213"/>
      </testsuite>
      <testsuite name="App\Dice\DiceTest" file="/home/cob/dbwebb-kurser/mvc/me/report/tests/Dice/DiceTest.php" tests="1" assertions="2" errors="0" warnings="0" failures="0" skipped="0" time="0.000568">
        <testcase name="testCreateDice" class="App\Dice\DiceTest" classname="App.Dice.DiceTest" file="/home/cob/dbwebb-kurser/mvc/me/report/tests/Dice/DiceTest.php" line="16" assertions="2" time="0.000568"/>
      </testsuite>
      <testsuite name="App\Tests\Game\PokerSquareGameTest" file="/home/cob/dbwebb-kurser/mvc/me/report/tests/Game/PokerSquareGameTest.php" tests="8" assertions="17" errors="0" warnings="0" failures="0" skipped="0" time="0.007483">
        <testcase name="testIsGameOverWhenGridFull" class="App\Tests\Game\PokerSquareGameTest" classname="App.Tests.Game.PokerSquareGameTest" file="/home/cob/dbwebb-kurser/mvc/me/report/tests/Game/PokerSquareGameTest.php" line="86" assertions="1" time="0.000849"/>
        <testcase name="testGameOverWhenGridFull" class="App\Tests\Game\PokerSquareGameTest" classname="App.Tests.Game.PokerSquareGameTest" file="/home/cob/dbwebb-kurser/mvc/me/report/tests/Game/PokerSquareGameTest.php" line="99" assertions="1" time="0.000659"/>
        <testcase name="testInitialState" class="App\Tests\Game\PokerSquareGameTest" classname="App.Tests.Game.PokerSquareGameTest" file="/home/cob/dbwebb-kurser/mvc/me/report/tests/Game/PokerSquareGameTest.php" line="11" assertions="3" time="0.001193"/>
        <testcase name="testGetGridScoresReturnsExpectedStructure" class="App\Tests\Game\PokerSquareGameTest" classname="App.Tests.Game.PokerSquareGameTest" file="/home/cob/dbwebb-kurser/mvc/me/report/tests/Game/PokerSquareGameTest.php" line="70" assertions="4" time="0.000693"/>
        <testcase name="testPlaceCard" class="App\Tests\Game\PokerSquareGameTest" classname="App.Tests.Game.PokerSquareGameTest" file="/home/cob/dbwebb-kurser/mvc/me/report/tests/Game/PokerSquareGameTest.php" line="20" assertions="2" time="0.000532"/>
        <testcase name="testGetSuggestedMoveReturnsValidPosition" class="App\Tests\Game\PokerSquareGameTest" classname="App.Tests.Game.PokerSquareGameTest" file="/home/cob/dbwebb-kurser/mvc/me/report/tests/Game/PokerSquareGameTest.php" line="47" assertions="2" time="0.001974"/>
        <testcase name="testGetTotalScoreReturnsInt" class="App\Tests\Game\PokerSquareGameTest" classname="App.Tests.Game.PokerSquareGameTest" file="/home/cob/dbwebb-kurser/mvc/me/report/tests/Game/PokerSquareGameTest.php" line="33" assertions="3" time="0.001061"/>
        <testcase name="testPlaceCardDoesNotOverwrite" class="App\Tests\Game\PokerSquareGameTest" classname="App.Tests.Game.PokerSquareGameTest" file="/home/cob/dbwebb-kurser/mvc/me/report/tests/Game/PokerSquareGameTest.php" line="57" assertions="1" time="0.000523"/>
      </testsuite>
      <testsuite name="App\Tests\Service\HighscoreServiceTest" file="/home/cob/dbwebb-kurser/mvc/me/report/tests/Service/HighscoreServiceTest.php" tests="3" assertions="8" errors="0" warnings="0" failures="0" skipped="0" time="0.009933">
        <testcase name="testOnlyTop10AreKept" class="App\Tests\Service\HighscoreServiceTest" classname="App.Tests.Service.HighscoreServiceTest" file="/home/cob/dbwebb-kurser/mvc/me/report/tests/Service/HighscoreServiceTest.php" line="55" assertions="3" time="0.005640"/>
        <testcase name="testAddScoreAndGetHighscores" class="App\Tests\Service\HighscoreServiceTest" classname="App.Tests.Service.HighscoreServiceTest" file="/home/cob/dbwebb-kurser/mvc/me/report/tests/Service/HighscoreServiceTest.php" line="41" assertions="4" time="0.003101"/>
        <testcase name="testGetHighscoresWhenFileDoesNotExist" class="App\Tests\Service\HighscoreServiceTest" classname="App.Tests.Service.HighscoreServiceTest" file="/home/cob/dbwebb-kurser/mvc/me/report/tests/Service/HighscoreServiceTest.php" line="35" assertions="1" time="0.001192"/>
      </testsuite>
      <testsuite name="App\Tests\Controller\CardControllerTest" file="/home/cob/dbwebb-kurser/mvc/me/report/tests/Controller/CardControllerTest.php" tests="7" assertions="19" errors="0" warnings="0" failures="0" skipped="0" time="0.363993">
        <testcase name="testSessionDebug" class="App\Tests\Controller\CardControllerTest" classname="App.Tests.Controller.CardControllerTest" file="/home/cob/dbwebb-kurser/mvc/me/report/tests/Controller/CardControllerTest.php" line="75" assertions="2" time="0.132295"/>
        <testcase name="testDrawNumberOfCards" class="App\Tests\Controller\CardControllerTest" classname="App.Tests.Controller.CardControllerTest" file="/home/cob/dbwebb-kurser/mvc/me/report/tests/Controller/CardControllerTest.php" line="49" assertions="4" time="0.047717"/>
        <testcase name="testSessionDelete" class="App\Tests\Controller\CardControllerTest" classname="App.Tests.Controller.CardControllerTest" file="/home/cob/dbwebb-kurser/mvc/me/report/tests/Controller/CardControllerTest.php" line="61" assertions="3" time="0.067019"/>
        <testcase name="testShuffleDeckResetsDeck" class="App\Tests\Controller\CardControllerTest" classname="App.Tests.Controller.CardControllerTest" file="/home/cob/dbwebb-kurser/mvc/me/report/tests/Controller/CardControllerTest.php" line="27" assertions="2" time="0.024339"/>
        <testcase name="testDrawOneCardReducesDeck" class="App\Tests\Controller\CardControllerTest" classname="App.Tests.Controller.CardControllerTest" file="/home/cob/dbwebb-kurser/mvc/me/report/tests/Controller/CardControllerTest.php" line="36" assertions="4" time="0.048021"/>
        <testcase name="testDeckPage" class="App\Tests\Controller\CardControllerTest" classname="App.Tests.Controller.CardControllerTest" file="/home/cob/dbwebb-kurser/mvc/me/report/tests/Controller/CardControllerTest.php" line="18" assertions="2" time="0.024180"/>
        <testcase name="testIndexPage" class="App\Tests\Controller\CardControllerTest" classname="App.Tests.Controller.CardControllerTest" file="/home/cob/dbwebb-kurser/mvc/me/report/tests/Controller/CardControllerTest.php" line="9" assertions="2" time="0.020423"/>
      </testsuite>
      <testsuite name="App\Tests\Controller\LuckyControllerJsonTest" file="/home/cob/dbwebb-kurser/mvc/me/report/tests/Controller/LuckyControllerJsonTest.php" tests="3" assertions="15" errors="0" warnings="0" failures="0" skipped="0" time="0.037385">
        <testcase name="testApiLandingPageLoads" class="App\Tests\Controller\LuckyControllerJsonTest" classname="App.Tests.Controller.LuckyControllerJsonTest" file="/home/cob/dbwebb-kurser/mvc/me/report/tests/Controller/LuckyControllerJsonTest.php" line="39" assertions="2" time="0.019542"/>
        <testcase name="testQuoteRouteReturnsRandomQuote" class="App\Tests\Controller\LuckyControllerJsonTest" classname="App.Tests.Controller.LuckyControllerJsonTest" file="/home/cob/dbwebb-kurser/mvc/me/report/tests/Controller/LuckyControllerJsonTest.php" line="26" assertions="4" time="0.008581"/>
        <testcase name="testLuckyRouteReturnsValidJson" class="App\Tests\Controller\LuckyControllerJsonTest" classname="App.Tests.Controller.LuckyControllerJsonTest" file="/home/cob/dbwebb-kurser/mvc/me/report/tests/Controller/LuckyControllerJsonTest.php" line="9" assertions="9" time="0.009262"/>
      </testsuite>
      <testsuite name="App\Tests\Entity\ProductTest" file="/home/cob/dbwebb-kurser/mvc/me/report/tests/Entity/ProductTest.php" tests="1" assertions="3" errors="0" warnings="0" failures="0" skipped="0" time="0.000648">
        <testcase name="testGettersAndSetters" class="App\Tests\Entity\ProductTest" classname="App.Tests.Entity.ProductTest" file="/home/cob/dbwebb-kurser/mvc/me/report/tests/Entity/ProductTest.php" line="10" assertions="3" time="0.000648"/>
      </testsuite>
    </testsuite>
  </testsuite>
</testsuites>
