<?xml version="1.0" encoding="UTF-8"?>
<testsuites>
  <testsuite name="" tests="55" assertions="133" errors="0" warnings="0" failures="0" skipped="0" time="1.006557">
    <testsuite name="Project Test Suite" tests="55" assertions="133" errors="0" warnings="0" failures="0" skipped="0" time="1.006557">
      <testsuite name="App\Tests\Card\CardHandTest" file="/home/cob/dbwebb-kurser/mvc/me/report/tests/Card/CardHandTest.php" tests="2" assertions="5" errors="0" warnings="0" failures="0" skipped="0" time="0.004607">
        <testcase name="testAddCard" class="App\Tests\Card\CardHandTest" classname="App.Tests.Card.CardHandTest" file="/home/cob/dbwebb-kurser/mvc/me/report/tests/Card/CardHandTest.php" line="11" assertions="2" time="0.004114"/>
        <testcase name="testGetCards" class="App\Tests\Card\CardHandTest" classname="App.Tests.Card.CardHandTest" file="/home/cob/dbwebb-kurser/mvc/me/report/tests/Card/CardHandTest.php" line="21" assertions="3" time="0.000493"/>
      </testsuite>
      <testsuite name="App\Tests\Card\CardTest" file="/home/cob/dbwebb-kurser/mvc/me/report/tests/Card/CardTest.php" tests="1" assertions="4" errors="0" warnings="0" failures="0" skipped="0" time="0.000557">
        <testcase name="testCardCreation" class="App\Tests\Card\CardTest" classname="App.Tests.Card.CardTest" file="/home/cob/dbwebb-kurser/mvc/me/report/tests/Card/CardTest.php" line="10" assertions="4" time="0.000557"/>
      </testsuite>
      <testsuite name="App\Tests\Card\CardGraphicTest" file="/home/cob/dbwebb-kurser/mvc/me/report/tests/Card/CardGraphicTest.php" tests="1" assertions="4" errors="0" warnings="0" failures="0" skipped="0" time="0.001214">
        <testcase name="testCardGraphicToString" class="App\Tests\Card\CardGraphicTest" classname="App.Tests.Card.CardGraphicTest" file="/home/cob/dbwebb-kurser/mvc/me/report/tests/Card/CardGraphicTest.php" line="10" assertions="4" time="0.001214"/>
      </testsuite>
      <testsuite name="App\Tests\Game\Game21Test" file="/home/cob/dbwebb-kurser/mvc/me/report/tests/Game/Game21Test.php" tests="6" assertions="9" errors="0" warnings="0" failures="0" skipped="0" time="0.007776">
        <testcase name="testPlayerWinsAgainstBank" class="App\Tests\Game\Game21Test" classname="App.Tests.Game.Game21Test" file="/home/cob/dbwebb-kurser/mvc/me/report/tests/Game/Game21Test.php" line="58" assertions="1" time="0.002407"/>
        <testcase name="testStartRoundDealsOneCardToPlayer" class="App\Tests\Game\Game21Test" classname="App.Tests.Game.Game21Test" file="/home/cob/dbwebb-kurser/mvc/me/report/tests/Game/Game21Test.php" line="21" assertions="2" time="0.002361"/>
        <testcase name="testPlayerDrawsCardAndMayLose" class="App\Tests\Game\Game21Test" classname="App.Tests.Game.Game21Test" file="/home/cob/dbwebb-kurser/mvc/me/report/tests/Game/Game21Test.php" line="30" assertions="1" time="0.000680"/>
        <testcase name="testGameInitializesCorrectly" class="App\Tests\Game\Game21Test" classname="App.Tests.Game.Game21Test" file="/home/cob/dbwebb-kurser/mvc/me/report/tests/Game/Game21Test.php" line="12" assertions="3" time="0.000695"/>
        <testcase name="testBankWinsWithHigherScore" class="App\Tests\Game\Game21Test" classname="App.Tests.Game.Game21Test" file="/home/cob/dbwebb-kurser/mvc/me/report/tests/Game/Game21Test.php" line="76" assertions="1" time="0.000745"/>
        <testcase name="testPlayerStayLeadsToBankDrawAndGameEnds" class="App\Tests\Game\Game21Test" classname="App.Tests.Game.Game21Test" file="/home/cob/dbwebb-kurser/mvc/me/report/tests/Game/Game21Test.php" line="48" assertions="1" time="0.000887"/>
      </testsuite>
      <testsuite name="App\Dice\DiceTest" file="/home/cob/dbwebb-kurser/mvc/me/report/tests/Dice/DiceTest.php" tests="1" assertions="2" errors="0" warnings="0" failures="0" skipped="0" time="0.001218">
        <testcase name="testCreateDice" class="App\Dice\DiceTest" classname="App.Dice.DiceTest" file="/home/cob/dbwebb-kurser/mvc/me/report/tests/Dice/DiceTest.php" line="16" assertions="2" time="0.001218"/>
      </testsuite>
      <testsuite name="App\Tests\Entity\BookTest" file="/home/cob/dbwebb-kurser/mvc/me/report/tests/Entity/BookTest.php" tests="1" assertions="5" errors="0" warnings="0" failures="0" skipped="0" time="0.001864">
        <testcase name="testGettersAndSetters" class="App\Tests\Entity\BookTest" classname="App.Tests.Entity.BookTest" file="/home/cob/dbwebb-kurser/mvc/me/report/tests/Entity/BookTest.php" line="10" assertions="5" time="0.001864"/>
      </testsuite>
      <testsuite name="App\Tests\Service\HighscoreServiceTest" file="/home/cob/dbwebb-kurser/mvc/me/report/tests/Service/HighscoreServiceTest.php" tests="3" assertions="8" errors="0" warnings="0" failures="0" skipped="0" time="0.009882">
        <testcase name="testOnlyTop10AreKept" class="App\Tests\Service\HighscoreServiceTest" classname="App.Tests.Service.HighscoreServiceTest" file="/home/cob/dbwebb-kurser/mvc/me/report/tests/Service/HighscoreServiceTest.php" line="55" assertions="3" time="0.006992"/>
        <testcase name="testAddScoreAndGetHighscores" class="App\Tests\Service\HighscoreServiceTest" classname="App.Tests.Service.HighscoreServiceTest" file="/home/cob/dbwebb-kurser/mvc/me/report/tests/Service/HighscoreServiceTest.php" line="41" assertions="4" time="0.001805"/>
        <testcase name="testGetHighscoresWhenFileDoesNotExist" class="App\Tests\Service\HighscoreServiceTest" classname="App.Tests.Service.HighscoreServiceTest" file="/home/cob/dbwebb-kurser/mvc/me/report/tests/Service/HighscoreServiceTest.php" line="35" assertions="1" time="0.001085"/>
      </testsuite>
      <testsuite name="App\Tests\Form\BookFormTest" file="/home/cob/dbwebb-kurser/mvc/me/report/tests/Form/BookFormTest.php" tests="1" assertions="9" errors="0" warnings="0" failures="0" skipped="0" time="0.087851">
        <testcase name="testSubmitValidData" class="App\Tests\Form\BookFormTest" classname="App.Tests.Form.BookFormTest" file="/home/cob/dbwebb-kurser/mvc/me/report/tests/Form/BookFormTest.php" line="11" assertions="9" time="0.087851"/>
      </testsuite>
      <testsuite name="App\Tests\Controller\DeckControllerTest" file="/home/cob/dbwebb-kurser/mvc/me/report/tests/Controller/DeckControllerTest.php" tests="4" assertions="13" errors="0" warnings="0" failures="0" skipped="0" time="0.501516">
        <testcase name="testDeckReturnsFullDeck" class="App\Tests\Controller\DeckControllerTest" classname="App.Tests.Controller.DeckControllerTest" file="/home/cob/dbwebb-kurser/mvc/me/report/tests/Controller/DeckControllerTest.php" line="9" assertions="3" time="0.416077"/>
        <testcase name="testShuffleDeck" class="App\Tests\Controller\DeckControllerTest" classname="App.Tests.Controller.DeckControllerTest" file="/home/cob/dbwebb-kurser/mvc/me/report/tests/Controller/DeckControllerTest.php" line="21" assertions="3" time="0.020597"/>
        <testcase name="testDrawMultipleCards" class="App\Tests\Controller\DeckControllerTest" classname="App.Tests.Controller.DeckControllerTest" file="/home/cob/dbwebb-kurser/mvc/me/report/tests/Controller/DeckControllerTest.php" line="47" assertions="3" time="0.033013"/>
        <testcase name="testDrawOneCardFromDeck" class="App\Tests\Controller\DeckControllerTest" classname="App.Tests.Controller.DeckControllerTest" file="/home/cob/dbwebb-kurser/mvc/me/report/tests/Controller/DeckControllerTest.php" line="33" assertions="4" time="0.031829"/>
      </testsuite>
      <testsuite name="App\Tests\Card\DeckOfCardsTest" file="/home/cob/dbwebb-kurser/mvc/me/report/tests/Card/DeckOfCardsTest.php" tests="5" assertions="7" errors="0" warnings="0" failures="0" skipped="0" time="0.008805">
        <testcase name="testDeckCreationWithGraphics" class="App\Tests\Card\DeckOfCardsTest" classname="App.Tests.Card.DeckOfCardsTest" file="/home/cob/dbwebb-kurser/mvc/me/report/tests/Card/DeckOfCardsTest.php" line="21" assertions="2" time="0.000506"/>
        <testcase name="testDeckCount" class="App\Tests\Card\DeckOfCardsTest" classname="App.Tests.Card.DeckOfCardsTest" file="/home/cob/dbwebb-kurser/mvc/me/report/tests/Card/DeckOfCardsTest.php" line="53" assertions="1" time="0.000654"/>
        <testcase name="testDeckCreation" class="App\Tests\Card\DeckOfCardsTest" classname="App.Tests.Card.DeckOfCardsTest" file="/home/cob/dbwebb-kurser/mvc/me/report/tests/Card/DeckOfCardsTest.php" line="14" assertions="1" time="0.000622"/>
        <testcase name="testDrawCardFromDeck" class="App\Tests\Card\DeckOfCardsTest" classname="App.Tests.Card.DeckOfCardsTest" file="/home/cob/dbwebb-kurser/mvc/me/report/tests/Card/DeckOfCardsTest.php" line="40" assertions="2" time="0.001233"/>
        <testcase name="testShuffle" class="App\Tests\Card\DeckOfCardsTest" classname="App.Tests.Card.DeckOfCardsTest" file="/home/cob/dbwebb-kurser/mvc/me/report/tests/Card/DeckOfCardsTest.php" line="29" assertions="1" time="0.005789"/>
      </testsuite>
      <testsuite name="App\Tests\Controller\CardControllerTest" file="/home/cob/dbwebb-kurser/mvc/me/report/tests/Controller/CardControllerTest.php" tests="7" assertions="19" errors="0" warnings="0" failures="0" skipped="0" time="0.324980">
        <testcase name="testShuffleDeckResetsDeck" class="App\Tests\Controller\CardControllerTest" classname="App.Tests.Controller.CardControllerTest" file="/home/cob/dbwebb-kurser/mvc/me/report/tests/Controller/CardControllerTest.php" line="27" assertions="2" time="0.085797"/>
        <testcase name="testDrawNumberOfCards" class="App\Tests\Controller\CardControllerTest" classname="App.Tests.Controller.CardControllerTest" file="/home/cob/dbwebb-kurser/mvc/me/report/tests/Controller/CardControllerTest.php" line="49" assertions="4" time="0.045661"/>
        <testcase name="testDeckPage" class="App\Tests\Controller\CardControllerTest" classname="App.Tests.Controller.CardControllerTest" file="/home/cob/dbwebb-kurser/mvc/me/report/tests/Controller/CardControllerTest.php" line="18" assertions="2" time="0.027549"/>
        <testcase name="testIndexPage" class="App\Tests\Controller\CardControllerTest" classname="App.Tests.Controller.CardControllerTest" file="/home/cob/dbwebb-kurser/mvc/me/report/tests/Controller/CardControllerTest.php" line="9" assertions="2" time="0.021730"/>
        <testcase name="testSessionDelete" class="App\Tests\Controller\CardControllerTest" classname="App.Tests.Controller.CardControllerTest" file="/home/cob/dbwebb-kurser/mvc/me/report/tests/Controller/CardControllerTest.php" line="61" assertions="3" time="0.055980"/>
        <testcase name="testDrawOneCardReducesDeck" class="App\Tests\Controller\CardControllerTest" classname="App.Tests.Controller.CardControllerTest" file="/home/cob/dbwebb-kurser/mvc/me/report/tests/Controller/CardControllerTest.php" line="36" assertions="4" time="0.045333"/>
        <testcase name="testSessionDebug" class="App\Tests\Controller\CardControllerTest" classname="App.Tests.Controller.CardControllerTest" file="/home/cob/dbwebb-kurser/mvc/me/report/tests/Controller/CardControllerTest.php" line="75" assertions="2" time="0.042931"/>
      </testsuite>
      <testsuite name="App\Tests\Game\BankTest" file="/home/cob/dbwebb-kurser/mvc/me/report/tests/Game/BankTest.php" tests="5" assertions="6" errors="0" warnings="0" failures="0" skipped="0" time="0.002868">
        <testcase name="testBankScoreWithAceAdjustedToOne" class="App\Tests\Game\BankTest" classname="App.Tests.Game.BankTest" file="/home/cob/dbwebb-kurser/mvc/me/report/tests/Game/BankTest.php" line="51" assertions="1" time="0.000718"/>
        <testcase name="testBankDrawsCardFromDeck" class="App\Tests\Game\BankTest" classname="App.Tests.Game.BankTest" file="/home/cob/dbwebb-kurser/mvc/me/report/tests/Game/BankTest.php" line="26" assertions="2" time="0.000882"/>
        <testcase name="testBankInitialScoreIsZero" class="App\Tests\Game\BankTest" classname="App.Tests.Game.BankTest" file="/home/cob/dbwebb-kurser/mvc/me/report/tests/Game/BankTest.php" line="20" assertions="1" time="0.000432"/>
        <testcase name="testBankScoreWithFaceCardAndAce" class="App\Tests\Game\BankTest" classname="App.Tests.Game.BankTest" file="/home/cob/dbwebb-kurser/mvc/me/report/tests/Game/BankTest.php" line="39" assertions="1" time="0.000434"/>
        <testcase name="testBankIsInstanceOfPlayer" class="App\Tests\Game\BankTest" classname="App.Tests.Game.BankTest" file="/home/cob/dbwebb-kurser/mvc/me/report/tests/Game/BankTest.php" line="14" assertions="1" time="0.000402"/>
      </testsuite>
      <testsuite name="App\Tests\Entity\ProductTest" file="/home/cob/dbwebb-kurser/mvc/me/report/tests/Entity/ProductTest.php" tests="1" assertions="3" errors="0" warnings="0" failures="0" skipped="0" time="0.001153">
        <testcase name="testGettersAndSetters" class="App\Tests\Entity\ProductTest" classname="App.Tests.Entity.ProductTest" file="/home/cob/dbwebb-kurser/mvc/me/report/tests/Entity/ProductTest.php" line="10" assertions="3" time="0.001153"/>
      </testsuite>
      <testsuite name="App\Tests\Game\PokerSquareGameTest" file="/home/cob/dbwebb-kurser/mvc/me/report/tests/Game/PokerSquareGameTest.php" tests="8" assertions="17" errors="0" warnings="0" failures="0" skipped="0" time="0.008898">
        <testcase name="testInitialState" class="App\Tests\Game\PokerSquareGameTest" classname="App.Tests.Game.PokerSquareGameTest" file="/home/cob/dbwebb-kurser/mvc/me/report/tests/Game/PokerSquareGameTest.php" line="11" assertions="3" time="0.001550"/>
        <testcase name="testIsGameOverWhenGridFull" class="App\Tests\Game\PokerSquareGameTest" classname="App.Tests.Game.PokerSquareGameTest" file="/home/cob/dbwebb-kurser/mvc/me/report/tests/Game/PokerSquareGameTest.php" line="86" assertions="1" time="0.000893"/>
        <testcase name="testGetTotalScoreReturnsInt" class="App\Tests\Game\PokerSquareGameTest" classname="App.Tests.Game.PokerSquareGameTest" file="/home/cob/dbwebb-kurser/mvc/me/report/tests/Game/PokerSquareGameTest.php" line="33" assertions="3" time="0.001177"/>
        <testcase name="testGetGridScoresReturnsExpectedStructure" class="App\Tests\Game\PokerSquareGameTest" classname="App.Tests.Game.PokerSquareGameTest" file="/home/cob/dbwebb-kurser/mvc/me/report/tests/Game/PokerSquareGameTest.php" line="70" assertions="4" time="0.000872"/>
        <testcase name="testGameOverWhenGridFull" class="App\Tests\Game\PokerSquareGameTest" classname="App.Tests.Game.PokerSquareGameTest" file="/home/cob/dbwebb-kurser/mvc/me/report/tests/Game/PokerSquareGameTest.php" line="99" assertions="1" time="0.000952"/>
        <testcase name="testPlaceCardDoesNotOverwrite" class="App\Tests\Game\PokerSquareGameTest" classname="App.Tests.Game.PokerSquareGameTest" file="/home/cob/dbwebb-kurser/mvc/me/report/tests/Game/PokerSquareGameTest.php" line="57" assertions="1" time="0.000732"/>
        <testcase name="testPlaceCard" class="App\Tests\Game\PokerSquareGameTest" classname="App.Tests.Game.PokerSquareGameTest" file="/home/cob/dbwebb-kurser/mvc/me/report/tests/Game/PokerSquareGameTest.php" line="20" assertions="2" time="0.000705"/>
        <testcase name="testGetSuggestedMoveReturnsValidPosition" class="App\Tests\Game\PokerSquareGameTest" classname="App.Tests.Game.PokerSquareGameTest" file="/home/cob/dbwebb-kurser/mvc/me/report/tests/Game/PokerSquareGameTest.php" line="47" assertions="2" time="0.002017"/>
      </testsuite>
      <testsuite name="App\Tests\Game\PlayerTest" file="/home/cob/dbwebb-kurser/mvc/me/report/tests/Game/PlayerTest.php" tests="6" assertions="7" errors="0" warnings="0" failures="0" skipped="0" time="0.003541">
        <testcase name="testDrawCardFromDeck" class="App\Tests\Game\PlayerTest" classname="App.Tests.Game.PlayerTest" file="/home/cob/dbwebb-kurser/mvc/me/report/tests/Game/PlayerTest.php" line="67" assertions="2" time="0.000497"/>
        <testcase name="testScoreWithAceOver21" class="App\Tests\Game\PlayerTest" classname="App.Tests.Game.PlayerTest" file="/home/cob/dbwebb-kurser/mvc/me/report/tests/Game/PlayerTest.php" line="54" assertions="1" time="0.000608"/>
        <testcase name="testInitialScoreIsZero" class="App\Tests\Game\PlayerTest" classname="App.Tests.Game.PlayerTest" file="/home/cob/dbwebb-kurser/mvc/me/report/tests/Game/PlayerTest.php" line="15" assertions="1" time="0.000565"/>
        <testcase name="testScoreWithAceUnder21" class="App\Tests\Game\PlayerTest" classname="App.Tests.Game.PlayerTest" file="/home/cob/dbwebb-kurser/mvc/me/report/tests/Game/PlayerTest.php" line="43" assertions="1" time="0.000580"/>
        <testcase name="testScoreWithFaceCards" class="App\Tests\Game\PlayerTest" classname="App.Tests.Game.PlayerTest" file="/home/cob/dbwebb-kurser/mvc/me/report/tests/Game/PlayerTest.php" line="32" assertions="1" time="0.000569"/>
        <testcase name="testScoreWithNumericCards" class="App\Tests\Game\PlayerTest" classname="App.Tests.Game.PlayerTest" file="/home/cob/dbwebb-kurser/mvc/me/report/tests/Game/PlayerTest.php" line="21" assertions="1" time="0.000723"/>
      </testsuite>
      <testsuite name="App\Tests\Controller\LuckyControllerJsonTest" file="/home/cob/dbwebb-kurser/mvc/me/report/tests/Controller/LuckyControllerJsonTest.php" tests="3" assertions="15" errors="0" warnings="0" failures="0" skipped="0" time="0.039824">
        <testcase name="testLuckyRouteReturnsValidJson" class="App\Tests\Controller\LuckyControllerJsonTest" classname="App.Tests.Controller.LuckyControllerJsonTest" file="/home/cob/dbwebb-kurser/mvc/me/report/tests/Controller/LuckyControllerJsonTest.php" line="9" assertions="9" time="0.011404"/>
        <testcase name="testQuoteRouteReturnsRandomQuote" class="App\Tests\Controller\LuckyControllerJsonTest" classname="App.Tests.Controller.LuckyControllerJsonTest" file="/home/cob/dbwebb-kurser/mvc/me/report/tests/Controller/LuckyControllerJsonTest.php" line="26" assertions="4" time="0.009542"/>
        <testcase name="testApiLandingPageLoads" class="App\Tests\Controller\LuckyControllerJsonTest" classname="App.Tests.Controller.LuckyControllerJsonTest" file="/home/cob/dbwebb-kurser/mvc/me/report/tests/Controller/LuckyControllerJsonTest.php" line="39" assertions="2" time="0.018878"/>
      </testsuite>
    </testsuite>
  </testsuite>
</testsuites>
