<?xml version="1.0" encoding="UTF-8"?>
<testsuites>
  <testsuite name="" tests="44" assertions="108" errors="0" warnings="0" failures="0" skipped="0" time="1.003610">
    <testsuite name="Project Test Suite" tests="44" assertions="108" errors="0" warnings="0" failures="0" skipped="0" time="1.003610">
      <testsuite name="App\Tests\Controller\DeckControllerTest" file="/home/cob/dbwebb-kurser/mvc/me/report/tests/Controller/DeckControllerTest.php" tests="4" assertions="13" errors="0" warnings="0" failures="0" skipped="0" time="0.523216">
        <testcase name="testDrawMultipleCards" class="App\Tests\Controller\DeckControllerTest" classname="App.Tests.Controller.DeckControllerTest" file="/home/cob/dbwebb-kurser/mvc/me/report/tests/Controller/DeckControllerTest.php" line="47" assertions="3" time="0.458566"/>
        <testcase name="testDeckReturnsFullDeck" class="App\Tests\Controller\DeckControllerTest" classname="App.Tests.Controller.DeckControllerTest" file="/home/cob/dbwebb-kurser/mvc/me/report/tests/Controller/DeckControllerTest.php" line="9" assertions="3" time="0.016722"/>
        <testcase name="testDrawOneCardFromDeck" class="App\Tests\Controller\DeckControllerTest" classname="App.Tests.Controller.DeckControllerTest" file="/home/cob/dbwebb-kurser/mvc/me/report/tests/Controller/DeckControllerTest.php" line="33" assertions="4" time="0.031260"/>
        <testcase name="testShuffleDeck" class="App\Tests\Controller\DeckControllerTest" classname="App.Tests.Controller.DeckControllerTest" file="/home/cob/dbwebb-kurser/mvc/me/report/tests/Controller/DeckControllerTest.php" line="21" assertions="3" time="0.016667"/>
      </testsuite>
      <testsuite name="App\Tests\Entity\BookTest" file="/home/cob/dbwebb-kurser/mvc/me/report/tests/Entity/BookTest.php" tests="1" assertions="5" errors="0" warnings="0" failures="0" skipped="0" time="0.000921">
        <testcase name="testGettersAndSetters" class="App\Tests\Entity\BookTest" classname="App.Tests.Entity.BookTest" file="/home/cob/dbwebb-kurser/mvc/me/report/tests/Entity/BookTest.php" line="10" assertions="5" time="0.000921"/>
      </testsuite>
      <testsuite name="App\Tests\Card\CardGraphicTest" file="/home/cob/dbwebb-kurser/mvc/me/report/tests/Card/CardGraphicTest.php" tests="1" assertions="4" errors="0" warnings="0" failures="0" skipped="0" time="0.000677">
        <testcase name="testCardGraphicToString" class="App\Tests\Card\CardGraphicTest" classname="App.Tests.Card.CardGraphicTest" file="/home/cob/dbwebb-kurser/mvc/me/report/tests/Card/CardGraphicTest.php" line="10" assertions="4" time="0.000677"/>
      </testsuite>
      <testsuite name="App\Tests\Game\PlayerTest" file="/home/cob/dbwebb-kurser/mvc/me/report/tests/Game/PlayerTest.php" tests="6" assertions="7" errors="0" warnings="0" failures="0" skipped="0" time="0.003884">
        <testcase name="testScoreWithFaceCards" class="App\Tests\Game\PlayerTest" classname="App.Tests.Game.PlayerTest" file="/home/cob/dbwebb-kurser/mvc/me/report/tests/Game/PlayerTest.php" line="32" assertions="1" time="0.000705"/>
        <testcase name="testScoreWithAceUnder21" class="App\Tests\Game\PlayerTest" classname="App.Tests.Game.PlayerTest" file="/home/cob/dbwebb-kurser/mvc/me/report/tests/Game/PlayerTest.php" line="43" assertions="1" time="0.000695"/>
        <testcase name="testScoreWithAceOver21" class="App\Tests\Game\PlayerTest" classname="App.Tests.Game.PlayerTest" file="/home/cob/dbwebb-kurser/mvc/me/report/tests/Game/PlayerTest.php" line="54" assertions="1" time="0.000641"/>
        <testcase name="testScoreWithNumericCards" class="App\Tests\Game\PlayerTest" classname="App.Tests.Game.PlayerTest" file="/home/cob/dbwebb-kurser/mvc/me/report/tests/Game/PlayerTest.php" line="21" assertions="1" time="0.000509"/>
        <testcase name="testDrawCardFromDeck" class="App\Tests\Game\PlayerTest" classname="App.Tests.Game.PlayerTest" file="/home/cob/dbwebb-kurser/mvc/me/report/tests/Game/PlayerTest.php" line="67" assertions="2" time="0.000782"/>
        <testcase name="testInitialScoreIsZero" class="App\Tests\Game\PlayerTest" classname="App.Tests.Game.PlayerTest" file="/home/cob/dbwebb-kurser/mvc/me/report/tests/Game/PlayerTest.php" line="15" assertions="1" time="0.000552"/>
      </testsuite>
      <testsuite name="App\Tests\Entity\ProductTest" file="/home/cob/dbwebb-kurser/mvc/me/report/tests/Entity/ProductTest.php" tests="1" assertions="3" errors="0" warnings="0" failures="0" skipped="0" time="0.000457">
        <testcase name="testGettersAndSetters" class="App\Tests\Entity\ProductTest" classname="App.Tests.Entity.ProductTest" file="/home/cob/dbwebb-kurser/mvc/me/report/tests/Entity/ProductTest.php" line="10" assertions="3" time="0.000457"/>
      </testsuite>
      <testsuite name="App\Tests\Card\CardHandTest" file="/home/cob/dbwebb-kurser/mvc/me/report/tests/Card/CardHandTest.php" tests="2" assertions="5" errors="0" warnings="0" failures="0" skipped="0" time="0.000998">
        <testcase name="testAddCard" class="App\Tests\Card\CardHandTest" classname="App.Tests.Card.CardHandTest" file="/home/cob/dbwebb-kurser/mvc/me/report/tests/Card/CardHandTest.php" line="11" assertions="2" time="0.000363"/>
        <testcase name="testGetCards" class="App\Tests\Card\CardHandTest" classname="App.Tests.Card.CardHandTest" file="/home/cob/dbwebb-kurser/mvc/me/report/tests/Card/CardHandTest.php" line="21" assertions="3" time="0.000635"/>
      </testsuite>
      <testsuite name="App\Tests\Controller\CardControllerTest" file="/home/cob/dbwebb-kurser/mvc/me/report/tests/Controller/CardControllerTest.php" tests="7" assertions="19" errors="0" warnings="0" failures="0" skipped="0" time="0.347151">
        <testcase name="testIndexPage" class="App\Tests\Controller\CardControllerTest" classname="App.Tests.Controller.CardControllerTest" file="/home/cob/dbwebb-kurser/mvc/me/report/tests/Controller/CardControllerTest.php" line="9" assertions="2" time="0.059423"/>
        <testcase name="testSessionDebug" class="App\Tests\Controller\CardControllerTest" classname="App.Tests.Controller.CardControllerTest" file="/home/cob/dbwebb-kurser/mvc/me/report/tests/Controller/CardControllerTest.php" line="75" assertions="2" time="0.100035"/>
        <testcase name="testDrawNumberOfCards" class="App\Tests\Controller\CardControllerTest" classname="App.Tests.Controller.CardControllerTest" file="/home/cob/dbwebb-kurser/mvc/me/report/tests/Controller/CardControllerTest.php" line="49" assertions="4" time="0.050205"/>
        <testcase name="testShuffleDeckResetsDeck" class="App\Tests\Controller\CardControllerTest" classname="App.Tests.Controller.CardControllerTest" file="/home/cob/dbwebb-kurser/mvc/me/report/tests/Controller/CardControllerTest.php" line="27" assertions="2" time="0.023376"/>
        <testcase name="testDrawOneCardReducesDeck" class="App\Tests\Controller\CardControllerTest" classname="App.Tests.Controller.CardControllerTest" file="/home/cob/dbwebb-kurser/mvc/me/report/tests/Controller/CardControllerTest.php" line="36" assertions="4" time="0.039206"/>
        <testcase name="testDeckPage" class="App\Tests\Controller\CardControllerTest" classname="App.Tests.Controller.CardControllerTest" file="/home/cob/dbwebb-kurser/mvc/me/report/tests/Controller/CardControllerTest.php" line="18" assertions="2" time="0.021494"/>
        <testcase name="testSessionDelete" class="App\Tests\Controller\CardControllerTest" classname="App.Tests.Controller.CardControllerTest" file="/home/cob/dbwebb-kurser/mvc/me/report/tests/Controller/CardControllerTest.php" line="61" assertions="3" time="0.053413"/>
      </testsuite>
      <testsuite name="App\Tests\Card\CardTest" file="/home/cob/dbwebb-kurser/mvc/me/report/tests/Card/CardTest.php" tests="1" assertions="4" errors="0" warnings="0" failures="0" skipped="0" time="0.000878">
        <testcase name="testCardCreation" class="App\Tests\Card\CardTest" classname="App.Tests.Card.CardTest" file="/home/cob/dbwebb-kurser/mvc/me/report/tests/Card/CardTest.php" line="10" assertions="4" time="0.000878"/>
      </testsuite>
      <testsuite name="App\Dice\DiceTest" file="/home/cob/dbwebb-kurser/mvc/me/report/tests/Dice/DiceTest.php" tests="1" assertions="2" errors="0" warnings="0" failures="0" skipped="0" time="0.000830">
        <testcase name="testCreateDice" class="App\Dice\DiceTest" classname="App.Dice.DiceTest" file="/home/cob/dbwebb-kurser/mvc/me/report/tests/Dice/DiceTest.php" line="16" assertions="2" time="0.000830"/>
      </testsuite>
      <testsuite name="App\Tests\Controller\LuckyControllerJsonTest" file="/home/cob/dbwebb-kurser/mvc/me/report/tests/Controller/LuckyControllerJsonTest.php" tests="3" assertions="15" errors="0" warnings="0" failures="0" skipped="0" time="0.038681">
        <testcase name="testLuckyRouteReturnsValidJson" class="App\Tests\Controller\LuckyControllerJsonTest" classname="App.Tests.Controller.LuckyControllerJsonTest" file="/home/cob/dbwebb-kurser/mvc/me/report/tests/Controller/LuckyControllerJsonTest.php" line="9" assertions="9" time="0.012668"/>
        <testcase name="testApiLandingPageLoads" class="App\Tests\Controller\LuckyControllerJsonTest" classname="App.Tests.Controller.LuckyControllerJsonTest" file="/home/cob/dbwebb-kurser/mvc/me/report/tests/Controller/LuckyControllerJsonTest.php" line="39" assertions="2" time="0.017455"/>
        <testcase name="testQuoteRouteReturnsRandomQuote" class="App\Tests\Controller\LuckyControllerJsonTest" classname="App.Tests.Controller.LuckyControllerJsonTest" file="/home/cob/dbwebb-kurser/mvc/me/report/tests/Controller/LuckyControllerJsonTest.php" line="26" assertions="4" time="0.008559"/>
      </testsuite>
      <testsuite name="App\Tests\Form\BookFormTest" file="/home/cob/dbwebb-kurser/mvc/me/report/tests/Form/BookFormTest.php" tests="1" assertions="9" errors="0" warnings="0" failures="0" skipped="0" time="0.070107">
        <testcase name="testSubmitValidData" class="App\Tests\Form\BookFormTest" classname="App.Tests.Form.BookFormTest" file="/home/cob/dbwebb-kurser/mvc/me/report/tests/Form/BookFormTest.php" line="11" assertions="9" time="0.070107"/>
      </testsuite>
      <testsuite name="App\Tests\Game\Game21Test" file="/home/cob/dbwebb-kurser/mvc/me/report/tests/Game/Game21Test.php" tests="6" assertions="9" errors="0" warnings="0" failures="0" skipped="0" time="0.005117">
        <testcase name="testPlayerStayLeadsToBankDrawAndGameEnds" class="App\Tests\Game\Game21Test" classname="App.Tests.Game.Game21Test" file="/home/cob/dbwebb-kurser/mvc/me/report/tests/Game/Game21Test.php" line="48" assertions="1" time="0.000991"/>
        <testcase name="testStartRoundDealsOneCardToPlayer" class="App\Tests\Game\Game21Test" classname="App.Tests.Game.Game21Test" file="/home/cob/dbwebb-kurser/mvc/me/report/tests/Game/Game21Test.php" line="21" assertions="2" time="0.000885"/>
        <testcase name="testBankWinsWithHigherScore" class="App\Tests\Game\Game21Test" classname="App.Tests.Game.Game21Test" file="/home/cob/dbwebb-kurser/mvc/me/report/tests/Game/Game21Test.php" line="76" assertions="1" time="0.000795"/>
        <testcase name="testPlayerWinsAgainstBank" class="App\Tests\Game\Game21Test" classname="App.Tests.Game.Game21Test" file="/home/cob/dbwebb-kurser/mvc/me/report/tests/Game/Game21Test.php" line="58" assertions="1" time="0.000786"/>
        <testcase name="testGameInitializesCorrectly" class="App\Tests\Game\Game21Test" classname="App.Tests.Game.Game21Test" file="/home/cob/dbwebb-kurser/mvc/me/report/tests/Game/Game21Test.php" line="12" assertions="3" time="0.000845"/>
        <testcase name="testPlayerDrawsCardAndMayLose" class="App\Tests\Game\Game21Test" classname="App.Tests.Game.Game21Test" file="/home/cob/dbwebb-kurser/mvc/me/report/tests/Game/Game21Test.php" line="30" assertions="1" time="0.000814"/>
      </testsuite>
      <testsuite name="App\Tests\Game\BankTest" file="/home/cob/dbwebb-kurser/mvc/me/report/tests/Game/BankTest.php" tests="5" assertions="6" errors="0" warnings="0" failures="0" skipped="0" time="0.003367">
        <testcase name="testBankIsInstanceOfPlayer" class="App\Tests\Game\BankTest" classname="App.Tests.Game.BankTest" file="/home/cob/dbwebb-kurser/mvc/me/report/tests/Game/BankTest.php" line="14" assertions="1" time="0.000354"/>
        <testcase name="testBankInitialScoreIsZero" class="App\Tests\Game\BankTest" classname="App.Tests.Game.BankTest" file="/home/cob/dbwebb-kurser/mvc/me/report/tests/Game/BankTest.php" line="20" assertions="1" time="0.000570"/>
        <testcase name="testBankDrawsCardFromDeck" class="App\Tests\Game\BankTest" classname="App.Tests.Game.BankTest" file="/home/cob/dbwebb-kurser/mvc/me/report/tests/Game/BankTest.php" line="26" assertions="2" time="0.001162"/>
        <testcase name="testBankScoreWithFaceCardAndAce" class="App\Tests\Game\BankTest" classname="App.Tests.Game.BankTest" file="/home/cob/dbwebb-kurser/mvc/me/report/tests/Game/BankTest.php" line="39" assertions="1" time="0.000649"/>
        <testcase name="testBankScoreWithAceAdjustedToOne" class="App\Tests\Game\BankTest" classname="App.Tests.Game.BankTest" file="/home/cob/dbwebb-kurser/mvc/me/report/tests/Game/BankTest.php" line="51" assertions="1" time="0.000631"/>
      </testsuite>
      <testsuite name="App\Tests\Card\DeckOfCardsTest" file="/home/cob/dbwebb-kurser/mvc/me/report/tests/Card/DeckOfCardsTest.php" tests="5" assertions="7" errors="0" warnings="0" failures="0" skipped="0" time="0.007325">
        <testcase name="testDeckCreationWithGraphics" class="App\Tests\Card\DeckOfCardsTest" classname="App.Tests.Card.DeckOfCardsTest" file="/home/cob/dbwebb-kurser/mvc/me/report/tests/Card/DeckOfCardsTest.php" line="21" assertions="2" time="0.000497"/>
        <testcase name="testDeckCount" class="App\Tests\Card\DeckOfCardsTest" classname="App.Tests.Card.DeckOfCardsTest" file="/home/cob/dbwebb-kurser/mvc/me/report/tests/Card/DeckOfCardsTest.php" line="53" assertions="1" time="0.000703"/>
        <testcase name="testDrawCardFromDeck" class="App\Tests\Card\DeckOfCardsTest" classname="App.Tests.Card.DeckOfCardsTest" file="/home/cob/dbwebb-kurser/mvc/me/report/tests/Card/DeckOfCardsTest.php" line="40" assertions="2" time="0.000678"/>
        <testcase name="testShuffle" class="App\Tests\Card\DeckOfCardsTest" classname="App.Tests.Card.DeckOfCardsTest" file="/home/cob/dbwebb-kurser/mvc/me/report/tests/Card/DeckOfCardsTest.php" line="29" assertions="1" time="0.004685"/>
        <testcase name="testDeckCreation" class="App\Tests\Card\DeckOfCardsTest" classname="App.Tests.Card.DeckOfCardsTest" file="/home/cob/dbwebb-kurser/mvc/me/report/tests/Card/DeckOfCardsTest.php" line="14" assertions="1" time="0.000764"/>
      </testsuite>
    </testsuite>
  </testsuite>
</testsuites>
