<?xml version="1.0" encoding="UTF-8"?>
<testsuites>
  <testsuite name="" tests="55" assertions="133" errors="0" warnings="0" failures="0" skipped="0" time="1.023439">
    <testsuite name="Project Test Suite" tests="55" assertions="133" errors="0" warnings="0" failures="0" skipped="0" time="1.023439">
      <testsuite name="App\Tests\Entity\ProductTest" file="/home/cob/dbwebb-kurser/mvc/me/report/tests/Entity/ProductTest.php" tests="1" assertions="3" errors="0" warnings="0" failures="0" skipped="0" time="0.002403">
        <testcase name="testGettersAndSetters" class="App\Tests\Entity\ProductTest" classname="App.Tests.Entity.ProductTest" file="/home/cob/dbwebb-kurser/mvc/me/report/tests/Entity/ProductTest.php" line="10" assertions="3" time="0.002403"/>
      </testsuite>
      <testsuite name="App\Tests\Form\BookFormTest" file="/home/cob/dbwebb-kurser/mvc/me/report/tests/Form/BookFormTest.php" tests="1" assertions="9" errors="0" warnings="0" failures="0" skipped="0" time="0.108251">
        <testcase name="testSubmitValidData" class="App\Tests\Form\BookFormTest" classname="App.Tests.Form.BookFormTest" file="/home/cob/dbwebb-kurser/mvc/me/report/tests/Form/BookFormTest.php" line="11" assertions="9" time="0.108251"/>
      </testsuite>
      <testsuite name="App\Tests\Controller\CardControllerTest" file="/home/cob/dbwebb-kurser/mvc/me/report/tests/Controller/CardControllerTest.php" tests="7" assertions="19" errors="0" warnings="0" failures="0" skipped="0" time="0.718271">
        <testcase name="testShuffleDeckResetsDeck" class="App\Tests\Controller\CardControllerTest" classname="App.Tests.Controller.CardControllerTest" file="/home/cob/dbwebb-kurser/mvc/me/report/tests/Controller/CardControllerTest.php" line="27" assertions="2" time="0.488357"/>
        <testcase name="testDeckPage" class="App\Tests\Controller\CardControllerTest" classname="App.Tests.Controller.CardControllerTest" file="/home/cob/dbwebb-kurser/mvc/me/report/tests/Controller/CardControllerTest.php" line="18" assertions="2" time="0.023440"/>
        <testcase name="testIndexPage" class="App\Tests\Controller\CardControllerTest" classname="App.Tests.Controller.CardControllerTest" file="/home/cob/dbwebb-kurser/mvc/me/report/tests/Controller/CardControllerTest.php" line="9" assertions="2" time="0.020404"/>
        <testcase name="testDrawOneCardReducesDeck" class="App\Tests\Controller\CardControllerTest" classname="App.Tests.Controller.CardControllerTest" file="/home/cob/dbwebb-kurser/mvc/me/report/tests/Controller/CardControllerTest.php" line="36" assertions="4" time="0.041803"/>
        <testcase name="testSessionDebug" class="App\Tests\Controller\CardControllerTest" classname="App.Tests.Controller.CardControllerTest" file="/home/cob/dbwebb-kurser/mvc/me/report/tests/Controller/CardControllerTest.php" line="75" assertions="2" time="0.045249"/>
        <testcase name="testSessionDelete" class="App\Tests\Controller\CardControllerTest" classname="App.Tests.Controller.CardControllerTest" file="/home/cob/dbwebb-kurser/mvc/me/report/tests/Controller/CardControllerTest.php" line="61" assertions="3" time="0.056651"/>
        <testcase name="testDrawNumberOfCards" class="App\Tests\Controller\CardControllerTest" classname="App.Tests.Controller.CardControllerTest" file="/home/cob/dbwebb-kurser/mvc/me/report/tests/Controller/CardControllerTest.php" line="49" assertions="4" time="0.042366"/>
      </testsuite>
      <testsuite name="App\Tests\Service\HighscoreServiceTest" file="/home/cob/dbwebb-kurser/mvc/me/report/tests/Service/HighscoreServiceTest.php" tests="3" assertions="8" errors="0" warnings="0" failures="0" skipped="0" time="0.008901">
        <testcase name="testOnlyTop10AreKept" class="App\Tests\Service\HighscoreServiceTest" classname="App.Tests.Service.HighscoreServiceTest" file="/home/cob/dbwebb-kurser/mvc/me/report/tests/Service/HighscoreServiceTest.php" line="55" assertions="3" time="0.005182"/>
        <testcase name="testAddScoreAndGetHighscores" class="App\Tests\Service\HighscoreServiceTest" classname="App.Tests.Service.HighscoreServiceTest" file="/home/cob/dbwebb-kurser/mvc/me/report/tests/Service/HighscoreServiceTest.php" line="41" assertions="4" time="0.002062"/>
        <testcase name="testGetHighscoresWhenFileDoesNotExist" class="App\Tests\Service\HighscoreServiceTest" classname="App.Tests.Service.HighscoreServiceTest" file="/home/cob/dbwebb-kurser/mvc/me/report/tests/Service/HighscoreServiceTest.php" line="35" assertions="1" time="0.001657"/>
      </testsuite>
      <testsuite name="App\Tests\Card\CardHandTest" file="/home/cob/dbwebb-kurser/mvc/me/report/tests/Card/CardHandTest.php" tests="2" assertions="5" errors="0" warnings="0" failures="0" skipped="0" time="0.001164">
        <testcase name="testAddCard" class="App\Tests\Card\CardHandTest" classname="App.Tests.Card.CardHandTest" file="/home/cob/dbwebb-kurser/mvc/me/report/tests/Card/CardHandTest.php" line="11" assertions="2" time="0.000691"/>
        <testcase name="testGetCards" class="App\Tests\Card\CardHandTest" classname="App.Tests.Card.CardHandTest" file="/home/cob/dbwebb-kurser/mvc/me/report/tests/Card/CardHandTest.php" line="21" assertions="3" time="0.000473"/>
      </testsuite>
      <testsuite name="App\Tests\Controller\LuckyControllerJsonTest" file="/home/cob/dbwebb-kurser/mvc/me/report/tests/Controller/LuckyControllerJsonTest.php" tests="3" assertions="15" errors="0" warnings="0" failures="0" skipped="0" time="0.043700">
        <testcase name="testLuckyRouteReturnsValidJson" class="App\Tests\Controller\LuckyControllerJsonTest" classname="App.Tests.Controller.LuckyControllerJsonTest" file="/home/cob/dbwebb-kurser/mvc/me/report/tests/Controller/LuckyControllerJsonTest.php" line="9" assertions="9" time="0.014454"/>
        <testcase name="testApiLandingPageLoads" class="App\Tests\Controller\LuckyControllerJsonTest" classname="App.Tests.Controller.LuckyControllerJsonTest" file="/home/cob/dbwebb-kurser/mvc/me/report/tests/Controller/LuckyControllerJsonTest.php" line="39" assertions="2" time="0.018926"/>
        <testcase name="testQuoteRouteReturnsRandomQuote" class="App\Tests\Controller\LuckyControllerJsonTest" classname="App.Tests.Controller.LuckyControllerJsonTest" file="/home/cob/dbwebb-kurser/mvc/me/report/tests/Controller/LuckyControllerJsonTest.php" line="26" assertions="4" time="0.010320"/>
      </testsuite>
      <testsuite name="App\Tests\Game\BankTest" file="/home/cob/dbwebb-kurser/mvc/me/report/tests/Game/BankTest.php" tests="5" assertions="6" errors="0" warnings="0" failures="0" skipped="0" time="0.002995">
        <testcase name="testBankScoreWithFaceCardAndAce" class="App\Tests\Game\BankTest" classname="App.Tests.Game.BankTest" file="/home/cob/dbwebb-kurser/mvc/me/report/tests/Game/BankTest.php" line="39" assertions="1" time="0.000639"/>
        <testcase name="testBankScoreWithAceAdjustedToOne" class="App\Tests\Game\BankTest" classname="App.Tests.Game.BankTest" file="/home/cob/dbwebb-kurser/mvc/me/report/tests/Game/BankTest.php" line="51" assertions="1" time="0.000670"/>
        <testcase name="testBankIsInstanceOfPlayer" class="App\Tests\Game\BankTest" classname="App.Tests.Game.BankTest" file="/home/cob/dbwebb-kurser/mvc/me/report/tests/Game/BankTest.php" line="14" assertions="1" time="0.000715"/>
        <testcase name="testBankDrawsCardFromDeck" class="App\Tests\Game\BankTest" classname="App.Tests.Game.BankTest" file="/home/cob/dbwebb-kurser/mvc/me/report/tests/Game/BankTest.php" line="26" assertions="2" time="0.000598"/>
        <testcase name="testBankInitialScoreIsZero" class="App\Tests\Game\BankTest" classname="App.Tests.Game.BankTest" file="/home/cob/dbwebb-kurser/mvc/me/report/tests/Game/BankTest.php" line="20" assertions="1" time="0.000374"/>
      </testsuite>
      <testsuite name="App\Tests\Card\CardGraphicTest" file="/home/cob/dbwebb-kurser/mvc/me/report/tests/Card/CardGraphicTest.php" tests="1" assertions="4" errors="0" warnings="0" failures="0" skipped="0" time="0.000391">
        <testcase name="testCardGraphicToString" class="App\Tests\Card\CardGraphicTest" classname="App.Tests.Card.CardGraphicTest" file="/home/cob/dbwebb-kurser/mvc/me/report/tests/Card/CardGraphicTest.php" line="10" assertions="4" time="0.000391"/>
      </testsuite>
      <testsuite name="App\Tests\Game\PlayerTest" file="/home/cob/dbwebb-kurser/mvc/me/report/tests/Game/PlayerTest.php" tests="6" assertions="7" errors="0" warnings="0" failures="0" skipped="0" time="0.002958">
        <testcase name="testDrawCardFromDeck" class="App\Tests\Game\PlayerTest" classname="App.Tests.Game.PlayerTest" file="/home/cob/dbwebb-kurser/mvc/me/report/tests/Game/PlayerTest.php" line="67" assertions="2" time="0.000532"/>
        <testcase name="testScoreWithAceOver21" class="App\Tests\Game\PlayerTest" classname="App.Tests.Game.PlayerTest" file="/home/cob/dbwebb-kurser/mvc/me/report/tests/Game/PlayerTest.php" line="54" assertions="1" time="0.000421"/>
        <testcase name="testScoreWithFaceCards" class="App\Tests\Game\PlayerTest" classname="App.Tests.Game.PlayerTest" file="/home/cob/dbwebb-kurser/mvc/me/report/tests/Game/PlayerTest.php" line="32" assertions="1" time="0.000463"/>
        <testcase name="testScoreWithAceUnder21" class="App\Tests\Game\PlayerTest" classname="App.Tests.Game.PlayerTest" file="/home/cob/dbwebb-kurser/mvc/me/report/tests/Game/PlayerTest.php" line="43" assertions="1" time="0.000614"/>
        <testcase name="testScoreWithNumericCards" class="App\Tests\Game\PlayerTest" classname="App.Tests.Game.PlayerTest" file="/home/cob/dbwebb-kurser/mvc/me/report/tests/Game/PlayerTest.php" line="21" assertions="1" time="0.000499"/>
        <testcase name="testInitialScoreIsZero" class="App\Tests\Game\PlayerTest" classname="App.Tests.Game.PlayerTest" file="/home/cob/dbwebb-kurser/mvc/me/report/tests/Game/PlayerTest.php" line="15" assertions="1" time="0.000429"/>
      </testsuite>
      <testsuite name="App\Tests\Card\DeckOfCardsTest" file="/home/cob/dbwebb-kurser/mvc/me/report/tests/Card/DeckOfCardsTest.php" tests="5" assertions="7" errors="0" warnings="0" failures="0" skipped="0" time="0.007515">
        <testcase name="testDeckCreation" class="App\Tests\Card\DeckOfCardsTest" classname="App.Tests.Card.DeckOfCardsTest" file="/home/cob/dbwebb-kurser/mvc/me/report/tests/Card/DeckOfCardsTest.php" line="14" assertions="1" time="0.000485"/>
        <testcase name="testDeckCount" class="App\Tests\Card\DeckOfCardsTest" classname="App.Tests.Card.DeckOfCardsTest" file="/home/cob/dbwebb-kurser/mvc/me/report/tests/Card/DeckOfCardsTest.php" line="53" assertions="1" time="0.000750"/>
        <testcase name="testShuffle" class="App\Tests\Card\DeckOfCardsTest" classname="App.Tests.Card.DeckOfCardsTest" file="/home/cob/dbwebb-kurser/mvc/me/report/tests/Card/DeckOfCardsTest.php" line="29" assertions="1" time="0.005076"/>
        <testcase name="testDrawCardFromDeck" class="App\Tests\Card\DeckOfCardsTest" classname="App.Tests.Card.DeckOfCardsTest" file="/home/cob/dbwebb-kurser/mvc/me/report/tests/Card/DeckOfCardsTest.php" line="40" assertions="2" time="0.000658"/>
        <testcase name="testDeckCreationWithGraphics" class="App\Tests\Card\DeckOfCardsTest" classname="App.Tests.Card.DeckOfCardsTest" file="/home/cob/dbwebb-kurser/mvc/me/report/tests/Card/DeckOfCardsTest.php" line="21" assertions="2" time="0.000547"/>
      </testsuite>
      <testsuite name="App\Tests\Controller\DeckControllerTest" file="/home/cob/dbwebb-kurser/mvc/me/report/tests/Controller/DeckControllerTest.php" tests="4" assertions="13" errors="0" warnings="0" failures="0" skipped="0" time="0.111282">
        <testcase name="testDrawMultipleCards" class="App\Tests\Controller\DeckControllerTest" classname="App.Tests.Controller.DeckControllerTest" file="/home/cob/dbwebb-kurser/mvc/me/report/tests/Controller/DeckControllerTest.php" line="47" assertions="3" time="0.044280"/>
        <testcase name="testDrawOneCardFromDeck" class="App\Tests\Controller\DeckControllerTest" classname="App.Tests.Controller.DeckControllerTest" file="/home/cob/dbwebb-kurser/mvc/me/report/tests/Controller/DeckControllerTest.php" line="33" assertions="4" time="0.032082"/>
        <testcase name="testDeckReturnsFullDeck" class="App\Tests\Controller\DeckControllerTest" classname="App.Tests.Controller.DeckControllerTest" file="/home/cob/dbwebb-kurser/mvc/me/report/tests/Controller/DeckControllerTest.php" line="9" assertions="3" time="0.018629"/>
        <testcase name="testShuffleDeck" class="App\Tests\Controller\DeckControllerTest" classname="App.Tests.Controller.DeckControllerTest" file="/home/cob/dbwebb-kurser/mvc/me/report/tests/Controller/DeckControllerTest.php" line="21" assertions="3" time="0.016291"/>
      </testsuite>
      <testsuite name="App\Tests\Card\CardTest" file="/home/cob/dbwebb-kurser/mvc/me/report/tests/Card/CardTest.php" tests="1" assertions="4" errors="0" warnings="0" failures="0" skipped="0" time="0.000538">
        <testcase name="testCardCreation" class="App\Tests\Card\CardTest" classname="App.Tests.Card.CardTest" file="/home/cob/dbwebb-kurser/mvc/me/report/tests/Card/CardTest.php" line="10" assertions="4" time="0.000538"/>
      </testsuite>
      <testsuite name="App\Dice\DiceTest" file="/home/cob/dbwebb-kurser/mvc/me/report/tests/Dice/DiceTest.php" tests="1" assertions="2" errors="0" warnings="0" failures="0" skipped="0" time="0.000577">
        <testcase name="testCreateDice" class="App\Dice\DiceTest" classname="App.Dice.DiceTest" file="/home/cob/dbwebb-kurser/mvc/me/report/tests/Dice/DiceTest.php" line="16" assertions="2" time="0.000577"/>
      </testsuite>
      <testsuite name="App\Tests\Game\Game21Test" file="/home/cob/dbwebb-kurser/mvc/me/report/tests/Game/Game21Test.php" tests="6" assertions="9" errors="0" warnings="0" failures="0" skipped="0" time="0.004911">
        <testcase name="testPlayerStayLeadsToBankDrawAndGameEnds" class="App\Tests\Game\Game21Test" classname="App.Tests.Game.Game21Test" file="/home/cob/dbwebb-kurser/mvc/me/report/tests/Game/Game21Test.php" line="48" assertions="1" time="0.000913"/>
        <testcase name="testPlayerDrawsCardAndMayLose" class="App\Tests\Game\Game21Test" classname="App.Tests.Game.Game21Test" file="/home/cob/dbwebb-kurser/mvc/me/report/tests/Game/Game21Test.php" line="30" assertions="1" time="0.001151"/>
        <testcase name="testPlayerWinsAgainstBank" class="App\Tests\Game\Game21Test" classname="App.Tests.Game.Game21Test" file="/home/cob/dbwebb-kurser/mvc/me/report/tests/Game/Game21Test.php" line="58" assertions="1" time="0.000794"/>
        <testcase name="testGameInitializesCorrectly" class="App\Tests\Game\Game21Test" classname="App.Tests.Game.Game21Test" file="/home/cob/dbwebb-kurser/mvc/me/report/tests/Game/Game21Test.php" line="12" assertions="3" time="0.000655"/>
        <testcase name="testBankWinsWithHigherScore" class="App\Tests\Game\Game21Test" classname="App.Tests.Game.Game21Test" file="/home/cob/dbwebb-kurser/mvc/me/report/tests/Game/Game21Test.php" line="76" assertions="1" time="0.000747"/>
        <testcase name="testStartRoundDealsOneCardToPlayer" class="App\Tests\Game\Game21Test" classname="App.Tests.Game.Game21Test" file="/home/cob/dbwebb-kurser/mvc/me/report/tests/Game/Game21Test.php" line="21" assertions="2" time="0.000650"/>
      </testsuite>
      <testsuite name="App\Tests\Game\PokerSquareGameTest" file="/home/cob/dbwebb-kurser/mvc/me/report/tests/Game/PokerSquareGameTest.php" tests="8" assertions="17" errors="0" warnings="0" failures="0" skipped="0" time="0.009197">
        <testcase name="testInitialState" class="App\Tests\Game\PokerSquareGameTest" classname="App.Tests.Game.PokerSquareGameTest" file="/home/cob/dbwebb-kurser/mvc/me/report/tests/Game/PokerSquareGameTest.php" line="11" assertions="3" time="0.001118"/>
        <testcase name="testPlaceCardDoesNotOverwrite" class="App\Tests\Game\PokerSquareGameTest" classname="App.Tests.Game.PokerSquareGameTest" file="/home/cob/dbwebb-kurser/mvc/me/report/tests/Game/PokerSquareGameTest.php" line="57" assertions="1" time="0.000817"/>
        <testcase name="testIsGameOverWhenGridFull" class="App\Tests\Game\PokerSquareGameTest" classname="App.Tests.Game.PokerSquareGameTest" file="/home/cob/dbwebb-kurser/mvc/me/report/tests/Game/PokerSquareGameTest.php" line="86" assertions="1" time="0.000909"/>
        <testcase name="testGetSuggestedMoveReturnsValidPosition" class="App\Tests\Game\PokerSquareGameTest" classname="App.Tests.Game.PokerSquareGameTest" file="/home/cob/dbwebb-kurser/mvc/me/report/tests/Game/PokerSquareGameTest.php" line="47" assertions="2" time="0.002621"/>
        <testcase name="testPlaceCard" class="App\Tests\Game\PokerSquareGameTest" classname="App.Tests.Game.PokerSquareGameTest" file="/home/cob/dbwebb-kurser/mvc/me/report/tests/Game/PokerSquareGameTest.php" line="20" assertions="2" time="0.000719"/>
        <testcase name="testGetGridScoresReturnsExpectedStructure" class="App\Tests\Game\PokerSquareGameTest" classname="App.Tests.Game.PokerSquareGameTest" file="/home/cob/dbwebb-kurser/mvc/me/report/tests/Game/PokerSquareGameTest.php" line="70" assertions="4" time="0.001279"/>
        <testcase name="testGetTotalScoreReturnsInt" class="App\Tests\Game\PokerSquareGameTest" classname="App.Tests.Game.PokerSquareGameTest" file="/home/cob/dbwebb-kurser/mvc/me/report/tests/Game/PokerSquareGameTest.php" line="33" assertions="3" time="0.000902"/>
        <testcase name="testGameOverWhenGridFull" class="App\Tests\Game\PokerSquareGameTest" classname="App.Tests.Game.PokerSquareGameTest" file="/home/cob/dbwebb-kurser/mvc/me/report/tests/Game/PokerSquareGameTest.php" line="99" assertions="1" time="0.000831"/>
      </testsuite>
      <testsuite name="App\Tests\Entity\BookTest" file="/home/cob/dbwebb-kurser/mvc/me/report/tests/Entity/BookTest.php" tests="1" assertions="5" errors="0" warnings="0" failures="0" skipped="0" time="0.000383">
        <testcase name="testGettersAndSetters" class="App\Tests\Entity\BookTest" classname="App.Tests.Entity.BookTest" file="/home/cob/dbwebb-kurser/mvc/me/report/tests/Entity/BookTest.php" line="10" assertions="5" time="0.000383"/>
      </testsuite>
    </testsuite>
  </testsuite>
</testsuites>
